#
# There is insufficient memory for the Java Runtime Environment to continue.
# Native memory allocation (malloc) failed to allocate 1020096 bytes for Chunk::new
# Possible reasons:
#   The system is out of physical RAM or swap space
#   The process is running with CompressedOops enabled, and the Java Heap may be blocking the growth of the native heap
# Possible solutions:
#   Reduce memory load on the system
#   Increase physical memory or swap space
#   Check if swap backing store is full
#   Decrease Java heap size (-Xmx/-Xms)
#   Decrease number of Java threads
#   Decrease Java thread stack sizes (-Xss)
#   Set larger code cache with -XX:ReservedCodeCacheSize=
#   JVM is running with Unscaled Compressed Oops mode in which the Java heap is
#     placed in the first 4GB address space. The Java Heap base address is the
#     maximum limit for the native heap growth. Please use -XX:HeapBaseMinAddress
#     to set the Java Heap base and to place the Java Heap above 4GB virtual address.
# This output file may be truncated or incomplete.
#
#  Out of Memory Error (arena.cpp:189), pid=7776, tid=12560
#
# JRE version: OpenJDK Runtime Environment (17.0.6) (build 17.0.6+0-b2043.56-9586694)
# Java VM: OpenJDK 64-Bit Server VM (17.0.6+0-b2043.56-9586694, mixed mode, tiered, compressed oops, compressed class ptrs, g1 gc, windows-amd64)
# No core dump will be written. Minidumps are not enabled by default on client versions of Windows
#

---------------  S U M M A R Y ------------

Command Line: --add-opens=java.base/java.util=ALL-UNNAMED --add-opens=java.base/java.lang=ALL-UNNAMED --add-opens=java.base/java.lang.invoke=ALL-UNNAMED --add-opens=java.prefs/java.util.prefs=ALL-UNNAMED --add-opens=java.base/java.nio.charset=ALL-UNNAMED --add-opens=java.base/java.net=ALL-UNNAMED --add-opens=java.base/java.util.concurrent.atomic=ALL-UNNAMED -Xmx2048m -Dfile.encoding=UTF-8 -Duser.country=IN -Duser.language=en -Duser.variant org.gradle.launcher.daemon.bootstrap.GradleDaemon 8.0

Host: Intel(R) Core(TM) i3-10110U CPU @ 2.10GHz, 4 cores, 3G,  Windows 10 , 64 bit Build 19041 (10.0.19041.5915)
Time: Fri Apr 17 01:53:35 2026 India Standard Time elapsed time: 511.210057 seconds (0d 0h 8m 31s)

---------------  T H R E A D  ---------------

Current thread (0x000001c1c9c00080):  JavaThread "C2 CompilerThread0" daemon [_thread_in_native, id=12560, stack(0x00000074b6f00000,0x00000074b7000000)]


Current CompileTask:
C2: 511210 14435   !   4       org.gradle.api.internal.attributes.DefaultImmutableAttributesFactory::doConcatIsolatable (128 bytes)

Stack: [0x00000074b6f00000,0x00000074b7000000]
Native frames: (J=compiled Java code, j=interpreted, Vv=VM code, C=native code)
V  [jvm.dll+0x683b4a]
V  [jvm.dll+0x842654]
V  [jvm.dll+0x843dfe]
V  [jvm.dll+0x844463]
V  [jvm.dll+0x249b75]
V  [jvm.dll+0xabcac]
V  [jvm.dll+0xac27c]
V  [jvm.dll+0x2b0eef]
V  [jvm.dll+0x58a207]
V  [jvm.dll+0x2243b2]
V  [jvm.dll+0x22478f]
V  [jvm.dll+0x21e055]
V  [jvm.dll+0x21b51b]
V  [jvm.dll+0x1a4fdd]
V  [jvm.dll+0x22b098]
V  [jvm.dll+0x229159]
V  [jvm.dll+0x7f809c]
V  [jvm.dll+0x7f25fa]
V  [jvm.dll+0x682985]
C  [ucrtbase.dll+0x21bb2]
C  [KERNEL32.DLL+0x17374]
C  [ntdll.dll+0x4cc91]


---------------  P R O C E S S  ---------------

Threads class SMR info:
_java_thread_list=0x000001c1cab61c30, length=41, elements={
0x000001c1afa335c0, 0x000001c1c8fb4e60, 0x000001c1c8fb6bf0, 0x000001c1c901a010,
0x000001c1c901c8e0, 0x000001c1c901d1a0, 0x000001c1c901da60, 0x000001c1c9c00080,
0x000001c1c9c085a0, 0x000001c1c9c0b8c0, 0x000001c1c9d97a40, 0x000001c1c9d98320,
0x000001c1cb233250, 0x000001c1cb416ea0, 0x000001c1cb33f8c0, 0x000001c1cc002c20,
0x000001c1cc0030f0, 0x000001c1cc0018e0, 0x000001c1cc001db0, 0x000001c1cc002280,
0x000001c1cc003a90, 0x000001c1cc6e1740, 0x000001c1cc6e1c10, 0x000001c1cc6dfa60,
0x000001c1cc6e20e0, 0x000001c1cc6e0400, 0x000001c1d1493ef0, 0x000001c1d14943c0,
0x000001c1ca896d80, 0x000001c1ca8963e0, 0x000001c1ca898a60, 0x000001c1ca899400,
0x000001c1ca894230, 0x000001c1ca893d60, 0x000001c1ca897250, 0x000001c1ca8950a0,
0x000001c1ca894700, 0x000001c1ca895570, 0x000001c1ca8998d0, 0x000001c1ca898590,
0x000001c1ca899da0
}

Java Threads: ( => current thread )
  0x000001c1afa335c0 JavaThread "main" [_thread_blocked, id=8996, stack(0x00000074b6200000,0x00000074b6300000)]
  0x000001c1c8fb4e60 JavaThread "Reference Handler" daemon [_thread_blocked, id=13976, stack(0x00000074b6900000,0x00000074b6a00000)]
  0x000001c1c8fb6bf0 JavaThread "Finalizer" daemon [_thread_blocked, id=4116, stack(0x00000074b6a00000,0x00000074b6b00000)]
  0x000001c1c901a010 JavaThread "Signal Dispatcher" daemon [_thread_blocked, id=1416, stack(0x00000074b6b00000,0x00000074b6c00000)]
  0x000001c1c901c8e0 JavaThread "Attach Listener" daemon [_thread_blocked, id=8440, stack(0x00000074b6c00000,0x00000074b6d00000)]
  0x000001c1c901d1a0 JavaThread "Service Thread" daemon [_thread_blocked, id=6104, stack(0x00000074b6d00000,0x00000074b6e00000)]
  0x000001c1c901da60 JavaThread "Monitor Deflation Thread" daemon [_thread_blocked, id=6344, stack(0x00000074b6e00000,0x00000074b6f00000)]
=>0x000001c1c9c00080 JavaThread "C2 CompilerThread0" daemon [_thread_in_native, id=12560, stack(0x00000074b6f00000,0x00000074b7000000)]
  0x000001c1c9c085a0 JavaThread "C1 CompilerThread0" daemon [_thread_blocked, id=12888, stack(0x00000074b7000000,0x00000074b7100000)]
  0x000001c1c9c0b8c0 JavaThread "Sweeper thread" daemon [_thread_blocked, id=15468, stack(0x00000074b7100000,0x00000074b7200000)]
  0x000001c1c9d97a40 JavaThread "Common-Cleaner" daemon [_thread_blocked, id=9008, stack(0x00000074b7200000,0x00000074b7300000)]
  0x000001c1c9d98320 JavaThread "Notification Thread" daemon [_thread_blocked, id=10660, stack(0x00000074b7300000,0x00000074b7400000)]
  0x000001c1cb233250 JavaThread "Daemon health stats" [_thread_blocked, id=15928, stack(0x00000074b7800000,0x00000074b7900000)]
  0x000001c1cb416ea0 JavaThread "Incoming local TCP Connector on port 56210" [_thread_in_native, id=14676, stack(0x00000074b7900000,0x00000074b7a00000)]
  0x000001c1cb33f8c0 JavaThread "Daemon periodic checks" [_thread_blocked, id=9092, stack(0x00000074b7a00000,0x00000074b7b00000)]
  0x000001c1cc002c20 JavaThread "Cache worker for journal cache (C:\Users\rishi\.gradle\caches\journal-1)" [_thread_blocked, id=7680, stack(0x00000074b8300000,0x00000074b8400000)]
  0x000001c1cc0030f0 JavaThread "File lock request listener" [_thread_in_native, id=8240, stack(0x00000074b8400000,0x00000074b8500000)]
  0x000001c1cc0018e0 JavaThread "Cache worker for file hash cache (C:\Users\rishi\.gradle\caches\8.0\fileHashes)" [_thread_blocked, id=14020, stack(0x00000074b8500000,0x00000074b8600000)]
  0x000001c1cc001db0 JavaThread "File watcher server" daemon [_thread_in_native, id=11448, stack(0x00000074b8600000,0x00000074b8700000)]
  0x000001c1cc002280 JavaThread "File watcher consumer" daemon [_thread_blocked, id=7264, stack(0x00000074b8700000,0x00000074b8800000)]
  0x000001c1cc003a90 JavaThread "Cache worker for file content cache (C:\Users\rishi\.gradle\caches\8.0\fileContent)" [_thread_blocked, id=7016, stack(0x00000074b8a00000,0x00000074b8b00000)]
  0x000001c1cc6e1740 JavaThread "Cache worker for execution history cache (C:\Users\rishi\.gradle\caches\8.0\executionHistory)" [_thread_blocked, id=6888, stack(0x00000074b8d00000,0x00000074b8e00000)]
  0x000001c1cc6e1c10 JavaThread "jar transforms" [_thread_blocked, id=15744, stack(0x00000074b8e00000,0x00000074b8f00000)]
  0x000001c1cc6dfa60 JavaThread "jar transforms Thread 2" [_thread_blocked, id=12492, stack(0x00000074b8f00000,0x00000074b9000000)]
  0x000001c1cc6e20e0 JavaThread "jar transforms Thread 3" [_thread_blocked, id=1840, stack(0x00000074b9000000,0x00000074b9100000)]
  0x000001c1cc6e0400 JavaThread "jar transforms Thread 4" [_thread_blocked, id=8036, stack(0x00000074b9100000,0x00000074b9200000)]
  0x000001c1d1493ef0 JavaThread "Memory manager" [_thread_blocked, id=11824, stack(0x00000074bbf00000,0x00000074bc000000)]
  0x000001c1d14943c0 JavaThread "pool-3-thread-1" [_thread_blocked, id=1800, stack(0x00000074bc000000,0x00000074bc100000)]
  0x000001c1ca896d80 JavaThread "Daemon Thread 2" [_thread_blocked, id=3636, stack(0x00000074b5f00000,0x00000074b6000000)]
  0x000001c1ca8963e0 JavaThread "Handler for socket connection from /127.0.0.1:56210 to /127.0.0.1:56702" [_thread_in_native, id=6316, stack(0x00000074b6000000,0x00000074b6100000)]
  0x000001c1ca898a60 JavaThread "Cancel handler" [_thread_blocked, id=15944, stack(0x00000074b6100000,0x00000074b6200000)]
  0x000001c1ca899400 JavaThread "Daemon worker Thread 2" [_thread_in_vm, id=15376, stack(0x00000074b7b00000,0x00000074b7c00000)]
  0x000001c1ca894230 JavaThread "Asynchronous log dispatcher for DefaultDaemonConnection: socket connection from /127.0.0.1:56210 to /127.0.0.1:56702" [_thread_blocked, id=12648, stack(0x00000074b7c00000,0x00000074b7d00000)]
  0x000001c1ca893d60 JavaThread "Stdin handler" [_thread_blocked, id=9700, stack(0x00000074b7d00000,0x00000074b7e00000)]
  0x000001c1ca897250 JavaThread "Daemon client event forwarder" [_thread_blocked, id=13636, stack(0x00000074b7e00000,0x00000074b7f00000)]
  0x000001c1ca8950a0 JavaThread "Cache worker for checksums cache (C:\Users\rishi\AndroidStudioProjects\memefy\.gradle\8.0\checksums)" [_thread_blocked, id=7660, stack(0x00000074b7f00000,0x00000074b8000000)]
  0x000001c1ca894700 JavaThread "Cache worker for cache directory md-rule (C:\Users\rishi\.gradle\caches\8.0\md-rule)" [_thread_blocked, id=2028, stack(0x00000074b8000000,0x00000074b8100000)]
  0x000001c1ca895570 JavaThread "Cache worker for file hash cache (C:\Users\rishi\AndroidStudioProjects\memefy\.gradle\8.0\fileHashes)" [_thread_blocked, id=14384, stack(0x00000074b8100000,0x00000074b8200000)]
  0x000001c1ca8998d0 JavaThread "Cache worker for cache directory md-supplier (C:\Users\rishi\.gradle\caches\8.0\md-supplier)" [_thread_blocked, id=14220, stack(0x00000074b8800000,0x00000074b8900000)]
  0x000001c1ca898590 JavaThread "Cache worker for dependencies-accessors (C:\Users\rishi\AndroidStudioProjects\memefy\.gradle\8.0\dependencies-accessors)" [_thread_blocked, id=3700, stack(0x00000074b8900000,0x00000074b8a00000)]
  0x000001c1ca899da0 JavaThread "Cache worker for Build Output Cleanup Cache (C:\Users\rishi\AndroidStudioProjects\memefy\.gradle\buildOutputCleanup)" [_thread_blocked, id=5764, stack(0x00000074b8b00000,0x00000074b8c00000)]

Other Threads:
  0x000001c1c8fdbb40 VMThread "VM Thread" [stack: 0x00000074b6800000,0x00000074b6900000] [id=15584]
  0x000001c1afab4280 WatcherThread [stack: 0x00000074b7400000,0x00000074b7500000] [id=8508]
  0x000001c1afa911b0 GCTaskThread "GC Thread#0" [stack: 0x00000074b6300000,0x00000074b6400000] [id=15220]
  0x000001c1ca2e0ad0 GCTaskThread "GC Thread#1" [stack: 0x00000074b7500000,0x00000074b7600000] [id=11272]
  0x000001c1ca250620 GCTaskThread "GC Thread#2" [stack: 0x00000074b7600000,0x00000074b7700000] [id=10764]
  0x000001c1cabc3f20 GCTaskThread "GC Thread#3" [stack: 0x00000074b7700000,0x00000074b7800000] [id=12380]
  0x000001c1afaa27a0 ConcurrentGCThread "G1 Main Marker" [stack: 0x00000074b6400000,0x00000074b6500000] [id=14872]
  0x000001c1afaa30c0 ConcurrentGCThread "G1 Conc#0" [stack: 0x00000074b6500000,0x00000074b6600000] [id=6444]
  0x000001c1afaef2d0 ConcurrentGCThread "G1 Refine#0" [stack: 0x00000074b6600000,0x00000074b6700000] [id=3516]
  0x000001c1cb3f6b20 ConcurrentGCThread "G1 Refine#1" [stack: 0x00000074b8200000,0x00000074b8300000] [id=10732]
  0x000001c1d1133270 ConcurrentGCThread "G1 Refine#2" [stack: 0x00000074bbd00000,0x00000074bbe00000] [id=10528]
  0x000001c1afaf0c10 ConcurrentGCThread "G1 Service" [stack: 0x00000074b6700000,0x00000074b6800000] [id=15072]

Threads with active compile tasks:
C2 CompilerThread0   511279 14435   !   4       org.gradle.api.internal.attributes.DefaultImmutableAttributesFactory::doConcatIsolatable (128 bytes)
C1 CompilerThread0   511280 14445       3       org.gradle.internal.component.external.model.maven.DefaultMavenModuleResolveMetadata::withSources (14 bytes)

VM state: not at safepoint (normal execution)

VM Mutex/Monitor currently owned by a thread: None

Heap address: 0x0000000080000000, size: 2048 MB, Compressed Oops mode: 32-bit

CDS archive(s) not mapped
Compressed class space mapped at: 0x0000000100000000-0x0000000140000000, reserved size: 1073741824
Narrow klass base: 0x0000000000000000, Narrow klass shift: 3, Narrow klass range: 0x140000000

GC Precious Log:
 CPUs: 4 total, 4 available
 Memory: 3847M
 Large Page Support: Disabled
 NUMA Support: Disabled
 Compressed Oops: Enabled (32-bit)
 Heap Region Size: 1M
 Heap Min Capacity: 8M
 Heap Initial Capacity: 62M
 Heap Max Capacity: 2G
 Pre-touch: Disabled
 Parallel Workers: 4
 Concurrent Workers: 1
 Concurrent Refinement Workers: 4
 Periodic GC: Disabled

Heap:
 garbage-first heap   total 346112K, used 226570K [0x0000000080000000, 0x0000000100000000)
  region size 1024K, 121 young (123904K), 11 survivors (11264K)
 Metaspace       used 109798K, committed 110528K, reserved 1146880K
  class space    used 14473K, committed 14848K, reserved 1048576K

Heap Regions: E=young(eden), S=young(survivor), O=old, HS=humongous(starts), HC=humongous(continues), CS=collection set, F=free, OA=open archive, CA=closed archive, TAMS=top-at-mark-start (previous, next)
|   0|0x0000000080000000, 0x0000000080100000, 0x0000000080100000|100%| O|  |TAMS 0x0000000080100000, 0x0000000080000000| Untracked 
|   1|0x0000000080100000, 0x0000000080200000, 0x0000000080200000|100%| O|  |TAMS 0x0000000080200000, 0x0000000080100000| Untracked 
|   2|0x0000000080200000, 0x0000000080300000, 0x0000000080300000|100%|HS|  |TAMS 0x0000000080300000, 0x0000000080200000| Complete 
|   3|0x0000000080300000, 0x0000000080400000, 0x0000000080400000|100%|HC|  |TAMS 0x0000000080400000, 0x0000000080300000| Complete 
|   4|0x0000000080400000, 0x0000000080500000, 0x0000000080500000|100%|HC|  |TAMS 0x0000000080500000, 0x0000000080400000| Complete 
|   5|0x0000000080500000, 0x0000000080600000, 0x0000000080600000|100%|HC|  |TAMS 0x0000000080600000, 0x0000000080500000| Complete 
|   6|0x0000000080600000, 0x0000000080700000, 0x0000000080700000|100%| O|  |TAMS 0x0000000080700000, 0x0000000080600000| Untracked 
|   7|0x0000000080700000, 0x0000000080800000, 0x0000000080800000|100%| O|  |TAMS 0x0000000080800000, 0x0000000080700000| Untracked 
|   8|0x0000000080800000, 0x0000000080900000, 0x0000000080900000|100%| O|  |TAMS 0x0000000080900000, 0x0000000080800000| Untracked 
|   9|0x0000000080900000, 0x0000000080a00000, 0x0000000080a00000|100%| O|  |TAMS 0x0000000080a00000, 0x0000000080900000| Untracked 
|  10|0x0000000080a00000, 0x0000000080b00000, 0x0000000080b00000|100%| O|  |TAMS 0x0000000080b00000, 0x0000000080a00000| Untracked 
|  11|0x0000000080b00000, 0x0000000080c00000, 0x0000000080c00000|100%| O|  |TAMS 0x0000000080c00000, 0x0000000080b00000| Untracked 
|  12|0x0000000080c00000, 0x0000000080d00000, 0x0000000080d00000|100%| O|  |TAMS 0x0000000080d00000, 0x0000000080c00000| Untracked 
|  13|0x0000000080d00000, 0x0000000080e00000, 0x0000000080e00000|100%| O|  |TAMS 0x0000000080e00000, 0x0000000080d00000| Untracked 
|  14|0x0000000080e00000, 0x0000000080f00000, 0x0000000080f00000|100%| O|  |TAMS 0x0000000080f00000, 0x0000000080e00000| Untracked 
|  15|0x0000000080f00000, 0x0000000081000000, 0x0000000081000000|100%| O|  |TAMS 0x0000000081000000, 0x0000000080f00000| Untracked 
|  16|0x0000000081000000, 0x0000000081100000, 0x0000000081100000|100%| O|  |TAMS 0x0000000081100000, 0x0000000081000000| Untracked 
|  17|0x0000000081100000, 0x0000000081200000, 0x0000000081200000|100%| O|  |TAMS 0x0000000081200000, 0x0000000081100000| Untracked 
|  18|0x0000000081200000, 0x0000000081300000, 0x0000000081300000|100%| O|  |TAMS 0x0000000081300000, 0x0000000081200000| Untracked 
|  19|0x0000000081300000, 0x0000000081400000, 0x0000000081400000|100%| O|  |TAMS 0x0000000081400000, 0x0000000081300000| Untracked 
|  20|0x0000000081400000, 0x0000000081500000, 0x0000000081500000|100%| O|  |TAMS 0x0000000081500000, 0x0000000081400000| Untracked 
|  21|0x0000000081500000, 0x0000000081600000, 0x0000000081600000|100%| O|  |TAMS 0x0000000081600000, 0x0000000081500000| Untracked 
|  22|0x0000000081600000, 0x0000000081700000, 0x0000000081700000|100%| O|  |TAMS 0x0000000081700000, 0x0000000081600000| Untracked 
|  23|0x0000000081700000, 0x0000000081800000, 0x0000000081800000|100%| O|  |TAMS 0x0000000081800000, 0x0000000081700000| Untracked 
|  24|0x0000000081800000, 0x0000000081900000, 0x0000000081900000|100%| O|  |TAMS 0x0000000081900000, 0x0000000081800000| Untracked 
|  25|0x0000000081900000, 0x0000000081a00000, 0x0000000081a00000|100%| O|  |TAMS 0x0000000081a00000, 0x0000000081900000| Untracked 
|  26|0x0000000081a00000, 0x0000000081b00000, 0x0000000081b00000|100%| O|  |TAMS 0x0000000081b00000, 0x0000000081a00000| Untracked 
|  27|0x0000000081b00000, 0x0000000081c00000, 0x0000000081c00000|100%| O|  |TAMS 0x0000000081c00000, 0x0000000081b00000| Untracked 
|  28|0x0000000081c00000, 0x0000000081d00000, 0x0000000081d00000|100%| O|  |TAMS 0x0000000081d00000, 0x0000000081c00000| Untracked 
|  29|0x0000000081d00000, 0x0000000081e00000, 0x0000000081e00000|100%| O|  |TAMS 0x0000000081e00000, 0x0000000081d00000| Untracked 
|  30|0x0000000081e00000, 0x0000000081f00000, 0x0000000081f00000|100%| O|  |TAMS 0x0000000081f00000, 0x0000000081e00000| Untracked 
|  31|0x0000000081f00000, 0x0000000082000000, 0x0000000082000000|100%| O|  |TAMS 0x0000000082000000, 0x0000000081f00000| Untracked 
|  32|0x0000000082000000, 0x0000000082100000, 0x0000000082100000|100%| O|  |TAMS 0x0000000082100000, 0x0000000082000000| Untracked 
|  33|0x0000000082100000, 0x0000000082200000, 0x0000000082200000|100%| O|  |TAMS 0x0000000082200000, 0x0000000082100000| Untracked 
|  34|0x0000000082200000, 0x0000000082300000, 0x0000000082300000|100%| O|  |TAMS 0x0000000082300000, 0x0000000082200000| Untracked 
|  35|0x0000000082300000, 0x0000000082400000, 0x0000000082400000|100%| O|  |TAMS 0x0000000082400000, 0x0000000082300000| Untracked 
|  36|0x0000000082400000, 0x0000000082500000, 0x0000000082500000|100%| O|  |TAMS 0x0000000082500000, 0x0000000082400000| Untracked 
|  37|0x0000000082500000, 0x0000000082600000, 0x0000000082600000|100%| O|  |TAMS 0x0000000082600000, 0x0000000082500000| Untracked 
|  38|0x0000000082600000, 0x0000000082700000, 0x0000000082700000|100%| O|  |TAMS 0x0000000082700000, 0x0000000082600000| Untracked 
|  39|0x0000000082700000, 0x0000000082800000, 0x0000000082800000|100%| O|  |TAMS 0x0000000082800000, 0x0000000082700000| Untracked 
|  40|0x0000000082800000, 0x0000000082900000, 0x0000000082900000|100%|HS|  |TAMS 0x0000000082900000, 0x0000000082800000| Complete 
|  41|0x0000000082900000, 0x0000000082a00000, 0x0000000082a00000|100%|HS|  |TAMS 0x0000000082a00000, 0x0000000082900000| Complete 
|  42|0x0000000082a00000, 0x0000000082b00000, 0x0000000082b00000|100%| O|  |TAMS 0x0000000082b00000, 0x0000000082a00000| Untracked 
|  43|0x0000000082b00000, 0x0000000082c00000, 0x0000000082c00000|100%| O|  |TAMS 0x0000000082c00000, 0x0000000082b00000| Untracked 
|  44|0x0000000082c00000, 0x0000000082d00000, 0x0000000082d00000|100%| O|  |TAMS 0x0000000082d00000, 0x0000000082c00000| Untracked 
|  45|0x0000000082d00000, 0x0000000082e00000, 0x0000000082e00000|100%| O|  |TAMS 0x0000000082e00000, 0x0000000082d00000| Untracked 
|  46|0x0000000082e00000, 0x0000000082f00000, 0x0000000082f00000|100%| O|  |TAMS 0x0000000082f00000, 0x0000000082e00000| Untracked 
|  47|0x0000000082f00000, 0x0000000083000000, 0x0000000083000000|100%| O|  |TAMS 0x0000000083000000, 0x0000000082f00000| Untracked 
|  48|0x0000000083000000, 0x0000000083100000, 0x0000000083100000|100%| O|  |TAMS 0x0000000083100000, 0x0000000083000000| Untracked 
|  49|0x0000000083100000, 0x0000000083200000, 0x0000000083200000|100%| O|  |TAMS 0x0000000083200000, 0x0000000083100000| Untracked 
|  50|0x0000000083200000, 0x0000000083300000, 0x0000000083300000|100%| O|  |TAMS 0x0000000083300000, 0x0000000083200000| Untracked 
|  51|0x0000000083300000, 0x0000000083400000, 0x0000000083400000|100%| O|  |TAMS 0x0000000083400000, 0x0000000083300000| Untracked 
|  52|0x0000000083400000, 0x0000000083500000, 0x0000000083500000|100%| O|  |TAMS 0x0000000083500000, 0x0000000083400000| Untracked 
|  53|0x0000000083500000, 0x0000000083600000, 0x0000000083600000|100%| O|  |TAMS 0x0000000083600000, 0x0000000083500000| Untracked 
|  54|0x0000000083600000, 0x0000000083700000, 0x0000000083700000|100%| O|  |TAMS 0x0000000083700000, 0x0000000083600000| Untracked 
|  55|0x0000000083700000, 0x0000000083800000, 0x0000000083800000|100%| O|  |TAMS 0x0000000083800000, 0x0000000083700000| Untracked 
|  56|0x0000000083800000, 0x0000000083900000, 0x0000000083900000|100%| O|  |TAMS 0x0000000083900000, 0x0000000083800000| Untracked 
|  57|0x0000000083900000, 0x0000000083a00000, 0x0000000083a00000|100%| O|  |TAMS 0x0000000083a00000, 0x0000000083900000| Untracked 
|  58|0x0000000083a00000, 0x0000000083b00000, 0x0000000083b00000|100%| O|  |TAMS 0x0000000083b00000, 0x0000000083a00000| Untracked 
|  59|0x0000000083b00000, 0x0000000083c00000, 0x0000000083c00000|100%| O|  |TAMS 0x0000000083c00000, 0x0000000083b00000| Untracked 
|  60|0x0000000083c00000, 0x0000000083d00000, 0x0000000083d00000|100%| O|  |TAMS 0x0000000083d00000, 0x0000000083c00000| Untracked 
|  61|0x0000000083d00000, 0x0000000083e00000, 0x0000000083e00000|100%| O|  |TAMS 0x0000000083e00000, 0x0000000083d00000| Untracked 
|  62|0x0000000083e00000, 0x0000000083f00000, 0x0000000083f00000|100%| O|  |TAMS 0x0000000083f00000, 0x0000000083e00000| Untracked 
|  63|0x0000000083f00000, 0x0000000084000000, 0x0000000084000000|100%| O|  |TAMS 0x0000000084000000, 0x0000000083f00000| Untracked 
|  64|0x0000000084000000, 0x0000000084100000, 0x0000000084100000|100%| O|  |TAMS 0x0000000084100000, 0x0000000084000000| Untracked 
|  65|0x0000000084100000, 0x0000000084200000, 0x0000000084200000|100%| O|  |TAMS 0x0000000084200000, 0x0000000084100000| Untracked 
|  66|0x0000000084200000, 0x0000000084300000, 0x0000000084300000|100%| O|  |TAMS 0x0000000084300000, 0x0000000084200000| Untracked 
|  67|0x0000000084300000, 0x0000000084400000, 0x0000000084400000|100%| O|  |TAMS 0x0000000084400000, 0x0000000084300000| Untracked 
|  68|0x0000000084400000, 0x0000000084500000, 0x0000000084500000|100%| O|  |TAMS 0x0000000084500000, 0x0000000084400000| Untracked 
|  69|0x0000000084500000, 0x0000000084600000, 0x0000000084600000|100%| O|  |TAMS 0x0000000084600000, 0x0000000084500000| Untracked 
|  70|0x0000000084600000, 0x0000000084700000, 0x0000000084700000|100%| O|  |TAMS 0x0000000084700000, 0x0000000084600000| Untracked 
|  71|0x0000000084700000, 0x0000000084800000, 0x0000000084800000|100%| O|  |TAMS 0x0000000084800000, 0x0000000084700000| Untracked 
|  72|0x0000000084800000, 0x0000000084900000, 0x0000000084900000|100%| O|  |TAMS 0x0000000084900000, 0x0000000084800000| Untracked 
|  73|0x0000000084900000, 0x0000000084a00000, 0x0000000084a00000|100%| O|  |TAMS 0x0000000084a00000, 0x0000000084900000| Untracked 
|  74|0x0000000084a00000, 0x0000000084b00000, 0x0000000084b00000|100%| O|  |TAMS 0x0000000084b00000, 0x0000000084a00000| Untracked 
|  75|0x0000000084b00000, 0x0000000084c00000, 0x0000000084c00000|100%| O|  |TAMS 0x0000000084c00000, 0x0000000084b00000| Untracked 
|  76|0x0000000084c00000, 0x0000000084d00000, 0x0000000084d00000|100%| O|  |TAMS 0x0000000084d00000, 0x0000000084c00000| Untracked 
|  77|0x0000000084d00000, 0x0000000084d00000, 0x0000000084e00000|  0%| F|  |TAMS 0x0000000084d00000, 0x0000000084d00000| Untracked 
|  78|0x0000000084e00000, 0x0000000084f00000, 0x0000000084f00000|100%| O|  |TAMS 0x0000000084f00000, 0x0000000084e00000| Untracked 
|  79|0x0000000084f00000, 0x0000000085000000, 0x0000000085000000|100%| O|  |TAMS 0x0000000085000000, 0x0000000084f00000| Untracked 
|  80|0x0000000085000000, 0x0000000085100000, 0x0000000085100000|100%| O|  |TAMS 0x0000000085100000, 0x0000000085000000| Untracked 
|  81|0x0000000085100000, 0x0000000085200000, 0x0000000085200000|100%| O|  |TAMS 0x000000008519e600, 0x0000000085100000| Untracked 
|  82|0x0000000085200000, 0x0000000085300000, 0x0000000085300000|100%| O|  |TAMS 0x0000000085200000, 0x0000000085200000| Untracked 
|  83|0x0000000085300000, 0x0000000085400000, 0x0000000085400000|100%| O|  |TAMS 0x0000000085300000, 0x0000000085300000| Untracked 
|  84|0x0000000085400000, 0x0000000085500000, 0x0000000085500000|100%| O|  |TAMS 0x0000000085400000, 0x0000000085400000| Untracked 
|  85|0x0000000085500000, 0x0000000085600000, 0x0000000085600000|100%| O|  |TAMS 0x0000000085500000, 0x0000000085500000| Untracked 
|  86|0x0000000085600000, 0x0000000085700000, 0x0000000085700000|100%| O|  |TAMS 0x0000000085600000, 0x0000000085600000| Untracked 
|  87|0x0000000085700000, 0x0000000085800000, 0x0000000085800000|100%| O|  |TAMS 0x0000000085700000, 0x0000000085700000| Untracked 
|  88|0x0000000085800000, 0x0000000085900000, 0x0000000085900000|100%| O|  |TAMS 0x0000000085800000, 0x0000000085800000| Untracked 
|  89|0x0000000085900000, 0x0000000085a00000, 0x0000000085a00000|100%| O|  |TAMS 0x0000000085900000, 0x0000000085900000| Untracked 
|  90|0x0000000085a00000, 0x0000000085b00000, 0x0000000085b00000|100%| O|  |TAMS 0x0000000085a00000, 0x0000000085a00000| Untracked 
|  91|0x0000000085b00000, 0x0000000085c00000, 0x0000000085c00000|100%| O|  |TAMS 0x0000000085b00000, 0x0000000085b00000| Untracked 
|  92|0x0000000085c00000, 0x0000000085d00000, 0x0000000085d00000|100%| O|  |TAMS 0x0000000085c00000, 0x0000000085c00000| Untracked 
|  93|0x0000000085d00000, 0x0000000085e00000, 0x0000000085e00000|100%| O|  |TAMS 0x0000000085d00000, 0x0000000085d00000| Untracked 
|  94|0x0000000085e00000, 0x0000000085f00000, 0x0000000085f00000|100%| O|  |TAMS 0x0000000085e00000, 0x0000000085e00000| Untracked 
|  95|0x0000000085f00000, 0x0000000086000000, 0x0000000086000000|100%| O|  |TAMS 0x0000000085f00000, 0x0000000085f00000| Untracked 
|  96|0x0000000086000000, 0x0000000086100000, 0x0000000086100000|100%| O|  |TAMS 0x0000000086000000, 0x0000000086000000| Untracked 
|  97|0x0000000086100000, 0x0000000086200000, 0x0000000086200000|100%| O|  |TAMS 0x0000000086100000, 0x0000000086100000| Untracked 
|  98|0x0000000086200000, 0x0000000086300000, 0x0000000086300000|100%| O|  |TAMS 0x0000000086200000, 0x0000000086200000| Untracked 
|  99|0x0000000086300000, 0x0000000086400000, 0x0000000086400000|100%| O|  |TAMS 0x0000000086300000, 0x0000000086300000| Untracked 
| 100|0x0000000086400000, 0x0000000086500000, 0x0000000086500000|100%| O|  |TAMS 0x0000000086400000, 0x0000000086400000| Untracked 
| 101|0x0000000086500000, 0x0000000086600000, 0x0000000086600000|100%| O|  |TAMS 0x0000000086500000, 0x0000000086500000| Untracked 
| 102|0x0000000086600000, 0x0000000086700000, 0x0000000086700000|100%| O|  |TAMS 0x0000000086600000, 0x0000000086600000| Untracked 
| 103|0x0000000086700000, 0x000000008677ec00, 0x0000000086800000| 49%| O|  |TAMS 0x0000000086700000, 0x0000000086700000| Untracked 
| 104|0x0000000086800000, 0x0000000086800000, 0x0000000086900000|  0%| F|  |TAMS 0x0000000086800000, 0x0000000086800000| Untracked 
| 105|0x0000000086900000, 0x0000000086900000, 0x0000000086a00000|  0%| F|  |TAMS 0x0000000086900000, 0x0000000086900000| Untracked 
| 106|0x0000000086a00000, 0x0000000086a00000, 0x0000000086b00000|  0%| F|  |TAMS 0x0000000086a00000, 0x0000000086a00000| Untracked 
| 107|0x0000000086b00000, 0x0000000086b00000, 0x0000000086c00000|  0%| F|  |TAMS 0x0000000086b00000, 0x0000000086b00000| Untracked 
| 108|0x0000000086c00000, 0x0000000086c00000, 0x0000000086d00000|  0%| F|  |TAMS 0x0000000086c00000, 0x0000000086c00000| Untracked 
| 109|0x0000000086d00000, 0x0000000086d00000, 0x0000000086e00000|  0%| F|  |TAMS 0x0000000086d00000, 0x0000000086d00000| Untracked 
| 110|0x0000000086e00000, 0x0000000086e00000, 0x0000000086f00000|  0%| F|  |TAMS 0x0000000086e00000, 0x0000000086e00000| Untracked 
| 111|0x0000000086f00000, 0x0000000086f00000, 0x0000000087000000|  0%| F|  |TAMS 0x0000000086f00000, 0x0000000086f00000| Untracked 
| 112|0x0000000087000000, 0x0000000087000000, 0x0000000087100000|  0%| F|  |TAMS 0x0000000087000000, 0x0000000087000000| Untracked 
| 113|0x0000000087100000, 0x0000000087100000, 0x0000000087200000|  0%| F|  |TAMS 0x0000000087100000, 0x0000000087100000| Untracked 
| 114|0x0000000087200000, 0x0000000087200000, 0x0000000087300000|  0%| F|  |TAMS 0x0000000087200000, 0x0000000087200000| Untracked 
| 115|0x0000000087300000, 0x0000000087300000, 0x0000000087400000|  0%| F|  |TAMS 0x0000000087300000, 0x0000000087300000| Untracked 
| 116|0x0000000087400000, 0x0000000087400000, 0x0000000087500000|  0%| F|  |TAMS 0x0000000087400000, 0x0000000087400000| Untracked 
| 117|0x0000000087500000, 0x0000000087500000, 0x0000000087600000|  0%| F|  |TAMS 0x0000000087500000, 0x0000000087500000| Untracked 
| 118|0x0000000087600000, 0x0000000087600000, 0x0000000087700000|  0%| F|  |TAMS 0x0000000087600000, 0x0000000087600000| Untracked 
| 119|0x0000000087700000, 0x0000000087700000, 0x0000000087800000|  0%| F|  |TAMS 0x0000000087700000, 0x0000000087700000| Untracked 
| 120|0x0000000087800000, 0x0000000087800000, 0x0000000087900000|  0%| F|  |TAMS 0x0000000087800000, 0x0000000087800000| Untracked 
| 121|0x0000000087900000, 0x0000000087900000, 0x0000000087a00000|  0%| F|  |TAMS 0x0000000087900000, 0x0000000087900000| Untracked 
| 122|0x0000000087a00000, 0x0000000087a00000, 0x0000000087b00000|  0%| F|  |TAMS 0x0000000087a00000, 0x0000000087a00000| Untracked 
| 123|0x0000000087b00000, 0x0000000087b00000, 0x0000000087c00000|  0%| F|  |TAMS 0x0000000087b00000, 0x0000000087b00000| Untracked 
| 124|0x0000000087c00000, 0x0000000087c00000, 0x0000000087d00000|  0%| F|  |TAMS 0x0000000087c00000, 0x0000000087c00000| Untracked 
| 125|0x0000000087d00000, 0x0000000087d00000, 0x0000000087e00000|  0%| F|  |TAMS 0x0000000087d00000, 0x0000000087d00000| Untracked 
| 126|0x0000000087e00000, 0x0000000087e00000, 0x0000000087f00000|  0%| F|  |TAMS 0x0000000087e00000, 0x0000000087e00000| Untracked 
| 127|0x0000000087f00000, 0x0000000087f00000, 0x0000000088000000|  0%| F|  |TAMS 0x0000000087f00000, 0x0000000087f00000| Untracked 
| 128|0x0000000088000000, 0x0000000088000000, 0x0000000088100000|  0%| F|  |TAMS 0x0000000088000000, 0x0000000088000000| Untracked 
| 129|0x0000000088100000, 0x0000000088100000, 0x0000000088200000|  0%| F|  |TAMS 0x0000000088100000, 0x0000000088100000| Untracked 
| 130|0x0000000088200000, 0x0000000088200000, 0x0000000088300000|  0%| F|  |TAMS 0x0000000088200000, 0x0000000088200000| Untracked 
| 131|0x0000000088300000, 0x0000000088300000, 0x0000000088400000|  0%| F|  |TAMS 0x0000000088300000, 0x0000000088300000| Untracked 
| 132|0x0000000088400000, 0x0000000088400000, 0x0000000088500000|  0%| F|  |TAMS 0x0000000088400000, 0x0000000088400000| Untracked 
| 133|0x0000000088500000, 0x0000000088500000, 0x0000000088600000|  0%| F|  |TAMS 0x0000000088500000, 0x0000000088500000| Untracked 
| 134|0x0000000088600000, 0x0000000088600000, 0x0000000088700000|  0%| F|  |TAMS 0x0000000088600000, 0x0000000088600000| Untracked 
| 135|0x0000000088700000, 0x0000000088700000, 0x0000000088800000|  0%| F|  |TAMS 0x0000000088700000, 0x0000000088700000| Untracked 
| 136|0x0000000088800000, 0x0000000088800000, 0x0000000088900000|  0%| F|  |TAMS 0x0000000088800000, 0x0000000088800000| Untracked 
| 137|0x0000000088900000, 0x0000000088900000, 0x0000000088a00000|  0%| F|  |TAMS 0x0000000088900000, 0x0000000088900000| Untracked 
| 138|0x0000000088a00000, 0x0000000088a00000, 0x0000000088b00000|  0%| F|  |TAMS 0x0000000088a00000, 0x0000000088a00000| Untracked 
| 139|0x0000000088b00000, 0x0000000088b00000, 0x0000000088c00000|  0%| F|  |TAMS 0x0000000088b00000, 0x0000000088b00000| Untracked 
| 140|0x0000000088c00000, 0x0000000088c00000, 0x0000000088d00000|  0%| F|  |TAMS 0x0000000088c00000, 0x0000000088c00000| Untracked 
| 141|0x0000000088d00000, 0x0000000088d00000, 0x0000000088e00000|  0%| F|  |TAMS 0x0000000088d00000, 0x0000000088d00000| Untracked 
| 142|0x0000000088e00000, 0x0000000088e00000, 0x0000000088f00000|  0%| F|  |TAMS 0x0000000088e00000, 0x0000000088e00000| Untracked 
| 143|0x0000000088f00000, 0x0000000088f00000, 0x0000000089000000|  0%| F|  |TAMS 0x0000000088f00000, 0x0000000088f00000| Untracked 
| 144|0x0000000089000000, 0x0000000089000000, 0x0000000089100000|  0%| F|  |TAMS 0x0000000089000000, 0x0000000089000000| Untracked 
| 145|0x0000000089100000, 0x0000000089100000, 0x0000000089200000|  0%| F|  |TAMS 0x0000000089100000, 0x0000000089100000| Untracked 
| 146|0x0000000089200000, 0x0000000089200000, 0x0000000089300000|  0%| F|  |TAMS 0x0000000089200000, 0x0000000089200000| Untracked 
| 147|0x0000000089300000, 0x0000000089300000, 0x0000000089400000|  0%| F|  |TAMS 0x0000000089300000, 0x0000000089300000| Untracked 
| 148|0x0000000089400000, 0x0000000089400000, 0x0000000089500000|  0%| F|  |TAMS 0x0000000089400000, 0x0000000089400000| Untracked 
| 149|0x0000000089500000, 0x0000000089500000, 0x0000000089600000|  0%| F|  |TAMS 0x0000000089500000, 0x0000000089500000| Untracked 
| 150|0x0000000089600000, 0x0000000089600000, 0x0000000089700000|  0%| F|  |TAMS 0x0000000089600000, 0x0000000089600000| Untracked 
| 151|0x0000000089700000, 0x0000000089700000, 0x0000000089800000|  0%| F|  |TAMS 0x0000000089700000, 0x0000000089700000| Untracked 
| 152|0x0000000089800000, 0x0000000089800000, 0x0000000089900000|  0%| F|  |TAMS 0x0000000089800000, 0x0000000089800000| Untracked 
| 153|0x0000000089900000, 0x0000000089900000, 0x0000000089a00000|  0%| F|  |TAMS 0x0000000089900000, 0x0000000089900000| Untracked 
| 154|0x0000000089a00000, 0x0000000089a00000, 0x0000000089b00000|  0%| F|  |TAMS 0x0000000089a00000, 0x0000000089a00000| Untracked 
| 155|0x0000000089b00000, 0x0000000089b00000, 0x0000000089c00000|  0%| F|  |TAMS 0x0000000089b00000, 0x0000000089b00000| Untracked 
| 156|0x0000000089c00000, 0x0000000089c00000, 0x0000000089d00000|  0%| F|  |TAMS 0x0000000089c00000, 0x0000000089c00000| Untracked 
| 157|0x0000000089d00000, 0x0000000089d00000, 0x0000000089e00000|  0%| F|  |TAMS 0x0000000089d00000, 0x0000000089d00000| Untracked 
| 158|0x0000000089e00000, 0x0000000089e00000, 0x0000000089f00000|  0%| F|  |TAMS 0x0000000089e00000, 0x0000000089e00000| Untracked 
| 159|0x0000000089f00000, 0x0000000089f00000, 0x000000008a000000|  0%| F|  |TAMS 0x0000000089f00000, 0x0000000089f00000| Untracked 
| 160|0x000000008a000000, 0x000000008a000000, 0x000000008a100000|  0%| F|  |TAMS 0x000000008a000000, 0x000000008a000000| Untracked 
| 161|0x000000008a100000, 0x000000008a100000, 0x000000008a200000|  0%| F|  |TAMS 0x000000008a100000, 0x000000008a100000| Untracked 
| 162|0x000000008a200000, 0x000000008a200000, 0x000000008a300000|  0%| F|  |TAMS 0x000000008a200000, 0x000000008a200000| Untracked 
| 163|0x000000008a300000, 0x000000008a300000, 0x000000008a400000|  0%| F|  |TAMS 0x000000008a300000, 0x000000008a300000| Untracked 
| 164|0x000000008a400000, 0x000000008a400000, 0x000000008a500000|  0%| F|  |TAMS 0x000000008a400000, 0x000000008a400000| Untracked 
| 165|0x000000008a500000, 0x000000008a500000, 0x000000008a600000|  0%| F|  |TAMS 0x000000008a500000, 0x000000008a500000| Untracked 
| 166|0x000000008a600000, 0x000000008a600000, 0x000000008a700000|  0%| F|  |TAMS 0x000000008a600000, 0x000000008a600000| Untracked 
| 167|0x000000008a700000, 0x000000008a700000, 0x000000008a800000|  0%| F|  |TAMS 0x000000008a700000, 0x000000008a700000| Untracked 
| 168|0x000000008a800000, 0x000000008a800000, 0x000000008a900000|  0%| F|  |TAMS 0x000000008a800000, 0x000000008a800000| Untracked 
| 169|0x000000008a900000, 0x000000008a900000, 0x000000008aa00000|  0%| F|  |TAMS 0x000000008a900000, 0x000000008a900000| Untracked 
| 170|0x000000008aa00000, 0x000000008aa00000, 0x000000008ab00000|  0%| F|  |TAMS 0x000000008aa00000, 0x000000008aa00000| Untracked 
| 171|0x000000008ab00000, 0x000000008ab00000, 0x000000008ac00000|  0%| F|  |TAMS 0x000000008ab00000, 0x000000008ab00000| Untracked 
| 172|0x000000008ac00000, 0x000000008acc3d70, 0x000000008ad00000| 76%| S|CS|TAMS 0x000000008ac00000, 0x000000008ac00000| Complete 
| 173|0x000000008ad00000, 0x000000008ae00000, 0x000000008ae00000|100%| S|CS|TAMS 0x000000008ad00000, 0x000000008ad00000| Complete 
| 174|0x000000008ae00000, 0x000000008af00000, 0x000000008af00000|100%| S|CS|TAMS 0x000000008ae00000, 0x000000008ae00000| Complete 
| 175|0x000000008af00000, 0x000000008b000000, 0x000000008b000000|100%| S|CS|TAMS 0x000000008af00000, 0x000000008af00000| Complete 
| 176|0x000000008b000000, 0x000000008b100000, 0x000000008b100000|100%| S|CS|TAMS 0x000000008b000000, 0x000000008b000000| Complete 
| 177|0x000000008b100000, 0x000000008b200000, 0x000000008b200000|100%| S|CS|TAMS 0x000000008b100000, 0x000000008b100000| Complete 
| 178|0x000000008b200000, 0x000000008b300000, 0x000000008b300000|100%| S|CS|TAMS 0x000000008b200000, 0x000000008b200000| Complete 
| 179|0x000000008b300000, 0x000000008b400000, 0x000000008b400000|100%| S|CS|TAMS 0x000000008b300000, 0x000000008b300000| Complete 
| 180|0x000000008b400000, 0x000000008b500000, 0x000000008b500000|100%| S|CS|TAMS 0x000000008b400000, 0x000000008b400000| Complete 
| 181|0x000000008b500000, 0x000000008b600000, 0x000000008b600000|100%| S|CS|TAMS 0x000000008b500000, 0x000000008b500000| Complete 
| 182|0x000000008b600000, 0x000000008b700000, 0x000000008b700000|100%| S|CS|TAMS 0x000000008b600000, 0x000000008b600000| Complete 
| 183|0x000000008b700000, 0x000000008b700000, 0x000000008b800000|  0%| F|  |TAMS 0x000000008b700000, 0x000000008b700000| Untracked 
| 184|0x000000008b800000, 0x000000008b800000, 0x000000008b900000|  0%| F|  |TAMS 0x000000008b800000, 0x000000008b800000| Untracked 
| 185|0x000000008b900000, 0x000000008b900000, 0x000000008ba00000|  0%| F|  |TAMS 0x000000008b900000, 0x000000008b900000| Untracked 
| 186|0x000000008ba00000, 0x000000008ba00000, 0x000000008bb00000|  0%| F|  |TAMS 0x000000008ba00000, 0x000000008ba00000| Untracked 
| 187|0x000000008bb00000, 0x000000008bb00000, 0x000000008bc00000|  0%| F|  |TAMS 0x000000008bb00000, 0x000000008bb00000| Untracked 
| 188|0x000000008bc00000, 0x000000008bc00000, 0x000000008bd00000|  0%| F|  |TAMS 0x000000008bc00000, 0x000000008bc00000| Untracked 
| 189|0x000000008bd00000, 0x000000008bd00000, 0x000000008be00000|  0%| F|  |TAMS 0x000000008bd00000, 0x000000008bd00000| Untracked 
| 190|0x000000008be00000, 0x000000008be00000, 0x000000008bf00000|  0%| F|  |TAMS 0x000000008be00000, 0x000000008be00000| Untracked 
| 191|0x000000008bf00000, 0x000000008bf00000, 0x000000008c000000|  0%| F|  |TAMS 0x000000008bf00000, 0x000000008bf00000| Untracked 
| 192|0x000000008c000000, 0x000000008c000000, 0x000000008c100000|  0%| F|  |TAMS 0x000000008c000000, 0x000000008c000000| Untracked 
| 193|0x000000008c100000, 0x000000008c100000, 0x000000008c200000|  0%| F|  |TAMS 0x000000008c100000, 0x000000008c100000| Untracked 
| 194|0x000000008c200000, 0x000000008c200000, 0x000000008c300000|  0%| F|  |TAMS 0x000000008c200000, 0x000000008c200000| Untracked 
| 195|0x000000008c300000, 0x000000008c300000, 0x000000008c400000|  0%| F|  |TAMS 0x000000008c300000, 0x000000008c300000| Untracked 
| 196|0x000000008c400000, 0x000000008c400000, 0x000000008c500000|  0%| F|  |TAMS 0x000000008c400000, 0x000000008c400000| Untracked 
| 197|0x000000008c500000, 0x000000008c500000, 0x000000008c600000|  0%| F|  |TAMS 0x000000008c500000, 0x000000008c500000| Untracked 
| 198|0x000000008c600000, 0x000000008c600000, 0x000000008c700000|  0%| F|  |TAMS 0x000000008c600000, 0x000000008c600000| Untracked 
| 199|0x000000008c700000, 0x000000008c700000, 0x000000008c800000|  0%| F|  |TAMS 0x000000008c700000, 0x000000008c700000| Untracked 
| 200|0x000000008c800000, 0x000000008c800000, 0x000000008c900000|  0%| F|  |TAMS 0x000000008c800000, 0x000000008c800000| Untracked 
| 201|0x000000008c900000, 0x000000008c900000, 0x000000008ca00000|  0%| F|  |TAMS 0x000000008c900000, 0x000000008c900000| Untracked 
| 202|0x000000008ca00000, 0x000000008ca00000, 0x000000008cb00000|  0%| F|  |TAMS 0x000000008ca00000, 0x000000008ca00000| Untracked 
| 203|0x000000008cb00000, 0x000000008cb00000, 0x000000008cc00000|  0%| F|  |TAMS 0x000000008cb00000, 0x000000008cb00000| Untracked 
| 204|0x000000008cc00000, 0x000000008cc00000, 0x000000008cd00000|  0%| F|  |TAMS 0x000000008cc00000, 0x000000008cc00000| Untracked 
| 205|0x000000008cd00000, 0x000000008cd00000, 0x000000008ce00000|  0%| F|  |TAMS 0x000000008cd00000, 0x000000008cd00000| Untracked 
| 206|0x000000008ce00000, 0x000000008ce00000, 0x000000008cf00000|  0%| F|  |TAMS 0x000000008ce00000, 0x000000008ce00000| Untracked 
| 207|0x000000008cf00000, 0x000000008cf00000, 0x000000008d000000|  0%| F|  |TAMS 0x000000008cf00000, 0x000000008cf00000| Untracked 
| 208|0x000000008d000000, 0x000000008d000000, 0x000000008d100000|  0%| F|  |TAMS 0x000000008d000000, 0x000000008d000000| Untracked 
| 209|0x000000008d100000, 0x000000008d100000, 0x000000008d200000|  0%| F|  |TAMS 0x000000008d100000, 0x000000008d100000| Untracked 
| 210|0x000000008d200000, 0x000000008d200000, 0x000000008d300000|  0%| F|  |TAMS 0x000000008d200000, 0x000000008d200000| Untracked 
| 211|0x000000008d300000, 0x000000008d300000, 0x000000008d400000|  0%| F|  |TAMS 0x000000008d300000, 0x000000008d300000| Untracked 
| 212|0x000000008d400000, 0x000000008d400000, 0x000000008d500000|  0%| F|  |TAMS 0x000000008d400000, 0x000000008d400000| Untracked 
| 213|0x000000008d500000, 0x000000008d500000, 0x000000008d600000|  0%| F|  |TAMS 0x000000008d500000, 0x000000008d500000| Untracked 
| 214|0x000000008d600000, 0x000000008d600000, 0x000000008d700000|  0%| F|  |TAMS 0x000000008d600000, 0x000000008d600000| Untracked 
| 215|0x000000008d700000, 0x000000008d700000, 0x000000008d800000|  0%| F|  |TAMS 0x000000008d700000, 0x000000008d700000| Untracked 
| 216|0x000000008d800000, 0x000000008d800000, 0x000000008d900000|  0%| F|  |TAMS 0x000000008d800000, 0x000000008d800000| Untracked 
| 217|0x000000008d900000, 0x000000008d900000, 0x000000008da00000|  0%| F|  |TAMS 0x000000008d900000, 0x000000008d900000| Untracked 
| 218|0x000000008da00000, 0x000000008da00000, 0x000000008db00000|  0%| F|  |TAMS 0x000000008da00000, 0x000000008da00000| Untracked 
| 219|0x000000008db00000, 0x000000008db00000, 0x000000008dc00000|  0%| F|  |TAMS 0x000000008db00000, 0x000000008db00000| Untracked 
| 220|0x000000008dc00000, 0x000000008dc00000, 0x000000008dd00000|  0%| F|  |TAMS 0x000000008dc00000, 0x000000008dc00000| Untracked 
| 221|0x000000008dd00000, 0x000000008dd00000, 0x000000008de00000|  0%| F|  |TAMS 0x000000008dd00000, 0x000000008dd00000| Untracked 
| 222|0x000000008de00000, 0x000000008de00000, 0x000000008df00000|  0%| F|  |TAMS 0x000000008de00000, 0x000000008de00000| Untracked 
| 223|0x000000008df00000, 0x000000008df00000, 0x000000008e000000|  0%| F|  |TAMS 0x000000008df00000, 0x000000008df00000| Untracked 
| 224|0x000000008e000000, 0x000000008e000000, 0x000000008e100000|  0%| F|  |TAMS 0x000000008e000000, 0x000000008e000000| Untracked 
| 225|0x000000008e100000, 0x000000008e100000, 0x000000008e200000|  0%| F|  |TAMS 0x000000008e100000, 0x000000008e100000| Untracked 
| 226|0x000000008e200000, 0x000000008e200000, 0x000000008e300000|  0%| F|  |TAMS 0x000000008e200000, 0x000000008e200000| Untracked 
| 227|0x000000008e300000, 0x000000008e300000, 0x000000008e400000|  0%| F|  |TAMS 0x000000008e300000, 0x000000008e300000| Untracked 
| 228|0x000000008e400000, 0x000000008e4e6008, 0x000000008e500000| 89%| E|  |TAMS 0x000000008e400000, 0x000000008e400000| Complete 
| 229|0x000000008e500000, 0x000000008e600000, 0x000000008e600000|100%| E|CS|TAMS 0x000000008e500000, 0x000000008e500000| Complete 
| 230|0x000000008e600000, 0x000000008e700000, 0x000000008e700000|100%| E|CS|TAMS 0x000000008e600000, 0x000000008e600000| Complete 
| 231|0x000000008e700000, 0x000000008e800000, 0x000000008e800000|100%| E|CS|TAMS 0x000000008e700000, 0x000000008e700000| Complete 
| 232|0x000000008e800000, 0x000000008e900000, 0x000000008e900000|100%| E|CS|TAMS 0x000000008e800000, 0x000000008e800000| Complete 
| 233|0x000000008e900000, 0x000000008ea00000, 0x000000008ea00000|100%| E|CS|TAMS 0x000000008e900000, 0x000000008e900000| Complete 
| 234|0x000000008ea00000, 0x000000008eb00000, 0x000000008eb00000|100%| E|CS|TAMS 0x000000008ea00000, 0x000000008ea00000| Complete 
| 235|0x000000008eb00000, 0x000000008ec00000, 0x000000008ec00000|100%| E|CS|TAMS 0x000000008eb00000, 0x000000008eb00000| Complete 
| 236|0x000000008ec00000, 0x000000008ed00000, 0x000000008ed00000|100%| E|CS|TAMS 0x000000008ec00000, 0x000000008ec00000| Complete 
| 237|0x000000008ed00000, 0x000000008ee00000, 0x000000008ee00000|100%| E|CS|TAMS 0x000000008ed00000, 0x000000008ed00000| Complete 
| 238|0x000000008ee00000, 0x000000008ef00000, 0x000000008ef00000|100%| E|CS|TAMS 0x000000008ee00000, 0x000000008ee00000| Complete 
| 239|0x000000008ef00000, 0x000000008f000000, 0x000000008f000000|100%| E|CS|TAMS 0x000000008ef00000, 0x000000008ef00000| Complete 
| 240|0x000000008f000000, 0x000000008f100000, 0x000000008f100000|100%| E|CS|TAMS 0x000000008f000000, 0x000000008f000000| Complete 
| 241|0x000000008f100000, 0x000000008f200000, 0x000000008f200000|100%| E|CS|TAMS 0x000000008f100000, 0x000000008f100000| Complete 
| 242|0x000000008f200000, 0x000000008f300000, 0x000000008f300000|100%| E|CS|TAMS 0x000000008f200000, 0x000000008f200000| Complete 
| 243|0x000000008f300000, 0x000000008f400000, 0x000000008f400000|100%| E|CS|TAMS 0x000000008f300000, 0x000000008f300000| Complete 
| 244|0x000000008f400000, 0x000000008f500000, 0x000000008f500000|100%| E|CS|TAMS 0x000000008f400000, 0x000000008f400000| Complete 
| 245|0x000000008f500000, 0x000000008f600000, 0x000000008f600000|100%| E|CS|TAMS 0x000000008f500000, 0x000000008f500000| Complete 
| 246|0x000000008f600000, 0x000000008f700000, 0x000000008f700000|100%| E|CS|TAMS 0x000000008f600000, 0x000000008f600000| Complete 
| 247|0x000000008f700000, 0x000000008f800000, 0x000000008f800000|100%| E|CS|TAMS 0x000000008f700000, 0x000000008f700000| Complete 
| 248|0x000000008f800000, 0x000000008f900000, 0x000000008f900000|100%| E|CS|TAMS 0x000000008f800000, 0x000000008f800000| Complete 
| 249|0x000000008f900000, 0x000000008fa00000, 0x000000008fa00000|100%| E|  |TAMS 0x000000008f900000, 0x000000008f900000| Complete 
| 250|0x000000008fa00000, 0x000000008fb00000, 0x000000008fb00000|100%| E|CS|TAMS 0x000000008fa00000, 0x000000008fa00000| Complete 
| 251|0x000000008fb00000, 0x000000008fc00000, 0x000000008fc00000|100%| E|CS|TAMS 0x000000008fb00000, 0x000000008fb00000| Complete 
| 252|0x000000008fc00000, 0x000000008fd00000, 0x000000008fd00000|100%| E|CS|TAMS 0x000000008fc00000, 0x000000008fc00000| Complete 
| 253|0x000000008fd00000, 0x000000008fe00000, 0x000000008fe00000|100%| E|CS|TAMS 0x000000008fd00000, 0x000000008fd00000| Complete 
| 254|0x000000008fe00000, 0x000000008ff00000, 0x000000008ff00000|100%| E|CS|TAMS 0x000000008fe00000, 0x000000008fe00000| Complete 
| 255|0x000000008ff00000, 0x0000000090000000, 0x0000000090000000|100%| E|CS|TAMS 0x000000008ff00000, 0x000000008ff00000| Complete 
| 256|0x0000000090000000, 0x0000000090100000, 0x0000000090100000|100%| E|CS|TAMS 0x0000000090000000, 0x0000000090000000| Complete 
| 257|0x0000000090100000, 0x0000000090200000, 0x0000000090200000|100%| E|CS|TAMS 0x0000000090100000, 0x0000000090100000| Complete 
| 258|0x0000000090200000, 0x0000000090300000, 0x0000000090300000|100%| E|CS|TAMS 0x0000000090200000, 0x0000000090200000| Complete 
| 259|0x0000000090300000, 0x0000000090400000, 0x0000000090400000|100%| E|CS|TAMS 0x0000000090300000, 0x0000000090300000| Complete 
| 260|0x0000000090400000, 0x0000000090500000, 0x0000000090500000|100%| E|CS|TAMS 0x0000000090400000, 0x0000000090400000| Complete 
| 261|0x0000000090500000, 0x0000000090600000, 0x0000000090600000|100%| E|CS|TAMS 0x0000000090500000, 0x0000000090500000| Complete 
| 262|0x0000000090600000, 0x0000000090700000, 0x0000000090700000|100%| E|CS|TAMS 0x0000000090600000, 0x0000000090600000| Complete 
| 263|0x0000000090700000, 0x0000000090800000, 0x0000000090800000|100%| E|CS|TAMS 0x0000000090700000, 0x0000000090700000| Complete 
| 264|0x0000000090800000, 0x0000000090900000, 0x0000000090900000|100%| E|CS|TAMS 0x0000000090800000, 0x0000000090800000| Complete 
| 265|0x0000000090900000, 0x0000000090a00000, 0x0000000090a00000|100%| E|CS|TAMS 0x0000000090900000, 0x0000000090900000| Complete 
| 266|0x0000000090a00000, 0x0000000090b00000, 0x0000000090b00000|100%| E|CS|TAMS 0x0000000090a00000, 0x0000000090a00000| Complete 
| 267|0x0000000090b00000, 0x0000000090c00000, 0x0000000090c00000|100%| E|CS|TAMS 0x0000000090b00000, 0x0000000090b00000| Complete 
| 268|0x0000000090c00000, 0x0000000090d00000, 0x0000000090d00000|100%| E|CS|TAMS 0x0000000090c00000, 0x0000000090c00000| Complete 
| 269|0x0000000090d00000, 0x0000000090e00000, 0x0000000090e00000|100%| E|CS|TAMS 0x0000000090d00000, 0x0000000090d00000| Complete 
| 270|0x0000000090e00000, 0x0000000090f00000, 0x0000000090f00000|100%| E|CS|TAMS 0x0000000090e00000, 0x0000000090e00000| Complete 
| 271|0x0000000090f00000, 0x0000000091000000, 0x0000000091000000|100%| E|CS|TAMS 0x0000000090f00000, 0x0000000090f00000| Complete 
| 272|0x0000000091000000, 0x0000000091100000, 0x0000000091100000|100%| E|CS|TAMS 0x0000000091000000, 0x0000000091000000| Complete 
| 273|0x0000000091100000, 0x0000000091200000, 0x0000000091200000|100%| E|CS|TAMS 0x0000000091100000, 0x0000000091100000| Complete 
| 274|0x0000000091200000, 0x0000000091300000, 0x0000000091300000|100%| E|CS|TAMS 0x0000000091200000, 0x0000000091200000| Complete 
| 275|0x0000000091300000, 0x0000000091400000, 0x0000000091400000|100%| E|CS|TAMS 0x0000000091300000, 0x0000000091300000| Complete 
| 276|0x0000000091400000, 0x0000000091500000, 0x0000000091500000|100%| E|CS|TAMS 0x0000000091400000, 0x0000000091400000| Complete 
| 277|0x0000000091500000, 0x0000000091600000, 0x0000000091600000|100%| E|CS|TAMS 0x0000000091500000, 0x0000000091500000| Complete 
| 278|0x0000000091600000, 0x0000000091700000, 0x0000000091700000|100%| E|CS|TAMS 0x0000000091600000, 0x0000000091600000| Complete 
| 279|0x0000000091700000, 0x0000000091800000, 0x0000000091800000|100%| E|CS|TAMS 0x0000000091700000, 0x0000000091700000| Complete 
| 280|0x0000000091800000, 0x0000000091900000, 0x0000000091900000|100%| E|CS|TAMS 0x0000000091800000, 0x0000000091800000| Complete 
| 281|0x0000000091900000, 0x0000000091a00000, 0x0000000091a00000|100%| E|CS|TAMS 0x0000000091900000, 0x0000000091900000| Complete 
| 282|0x0000000091a00000, 0x0000000091b00000, 0x0000000091b00000|100%| E|CS|TAMS 0x0000000091a00000, 0x0000000091a00000| Complete 
| 283|0x0000000091b00000, 0x0000000091c00000, 0x0000000091c00000|100%| E|CS|TAMS 0x0000000091b00000, 0x0000000091b00000| Complete 
| 284|0x0000000091c00000, 0x0000000091d00000, 0x0000000091d00000|100%| E|CS|TAMS 0x0000000091c00000, 0x0000000091c00000| Complete 
| 285|0x0000000091d00000, 0x0000000091e00000, 0x0000000091e00000|100%| E|CS|TAMS 0x0000000091d00000, 0x0000000091d00000| Complete 
| 286|0x0000000091e00000, 0x0000000091f00000, 0x0000000091f00000|100%| E|CS|TAMS 0x0000000091e00000, 0x0000000091e00000| Complete 
| 287|0x0000000091f00000, 0x0000000092000000, 0x0000000092000000|100%| E|CS|TAMS 0x0000000091f00000, 0x0000000091f00000| Complete 
| 288|0x0000000092000000, 0x0000000092100000, 0x0000000092100000|100%| E|CS|TAMS 0x0000000092000000, 0x0000000092000000| Complete 
| 289|0x0000000092100000, 0x0000000092200000, 0x0000000092200000|100%| E|CS|TAMS 0x0000000092100000, 0x0000000092100000| Complete 
| 290|0x0000000092200000, 0x0000000092300000, 0x0000000092300000|100%| E|CS|TAMS 0x0000000092200000, 0x0000000092200000| Complete 
| 291|0x0000000092300000, 0x0000000092400000, 0x0000000092400000|100%| E|CS|TAMS 0x0000000092300000, 0x0000000092300000| Complete 
| 292|0x0000000092400000, 0x0000000092500000, 0x0000000092500000|100%| E|CS|TAMS 0x0000000092400000, 0x0000000092400000| Complete 
| 293|0x0000000092500000, 0x0000000092600000, 0x0000000092600000|100%| E|CS|TAMS 0x0000000092500000, 0x0000000092500000| Complete 
| 294|0x0000000092600000, 0x0000000092700000, 0x0000000092700000|100%| E|CS|TAMS 0x0000000092600000, 0x0000000092600000| Complete 
| 295|0x0000000092700000, 0x0000000092800000, 0x0000000092800000|100%| E|CS|TAMS 0x0000000092700000, 0x0000000092700000| Complete 
| 296|0x0000000092800000, 0x0000000092900000, 0x0000000092900000|100%| E|CS|TAMS 0x0000000092800000, 0x0000000092800000| Complete 
| 297|0x0000000092900000, 0x0000000092a00000, 0x0000000092a00000|100%| E|CS|TAMS 0x0000000092900000, 0x0000000092900000| Complete 
| 298|0x0000000092a00000, 0x0000000092b00000, 0x0000000092b00000|100%| E|CS|TAMS 0x0000000092a00000, 0x0000000092a00000| Complete 
| 299|0x0000000092b00000, 0x0000000092c00000, 0x0000000092c00000|100%| E|CS|TAMS 0x0000000092b00000, 0x0000000092b00000| Complete 
| 300|0x0000000092c00000, 0x0000000092d00000, 0x0000000092d00000|100%| E|CS|TAMS 0x0000000092c00000, 0x0000000092c00000| Complete 
| 301|0x0000000092d00000, 0x0000000092e00000, 0x0000000092e00000|100%| E|CS|TAMS 0x0000000092d00000, 0x0000000092d00000| Complete 
| 302|0x0000000092e00000, 0x0000000092f00000, 0x0000000092f00000|100%| E|CS|TAMS 0x0000000092e00000, 0x0000000092e00000| Complete 
| 303|0x0000000092f00000, 0x0000000093000000, 0x0000000093000000|100%| E|CS|TAMS 0x0000000092f00000, 0x0000000092f00000| Complete 
| 304|0x0000000093000000, 0x0000000093100000, 0x0000000093100000|100%| E|CS|TAMS 0x0000000093000000, 0x0000000093000000| Complete 
| 305|0x0000000093100000, 0x0000000093200000, 0x0000000093200000|100%| E|CS|TAMS 0x0000000093100000, 0x0000000093100000| Complete 
| 306|0x0000000093200000, 0x0000000093300000, 0x0000000093300000|100%| E|CS|TAMS 0x0000000093200000, 0x0000000093200000| Complete 
| 307|0x0000000093300000, 0x0000000093400000, 0x0000000093400000|100%| E|CS|TAMS 0x0000000093300000, 0x0000000093300000| Complete 
| 308|0x0000000093400000, 0x0000000093500000, 0x0000000093500000|100%| E|CS|TAMS 0x0000000093400000, 0x0000000093400000| Complete 
| 309|0x0000000093500000, 0x0000000093600000, 0x0000000093600000|100%| E|CS|TAMS 0x0000000093500000, 0x0000000093500000| Complete 
| 310|0x0000000093600000, 0x0000000093700000, 0x0000000093700000|100%| E|CS|TAMS 0x0000000093600000, 0x0000000093600000| Complete 
| 311|0x0000000093700000, 0x0000000093800000, 0x0000000093800000|100%| E|CS|TAMS 0x0000000093700000, 0x0000000093700000| Complete 
| 312|0x0000000093800000, 0x0000000093900000, 0x0000000093900000|100%| E|CS|TAMS 0x0000000093800000, 0x0000000093800000| Complete 
| 313|0x0000000093900000, 0x0000000093a00000, 0x0000000093a00000|100%| E|CS|TAMS 0x0000000093900000, 0x0000000093900000| Complete 
| 314|0x0000000093a00000, 0x0000000093b00000, 0x0000000093b00000|100%| E|CS|TAMS 0x0000000093a00000, 0x0000000093a00000| Complete 
| 315|0x0000000093b00000, 0x0000000093c00000, 0x0000000093c00000|100%| E|CS|TAMS 0x0000000093b00000, 0x0000000093b00000| Complete 
| 316|0x0000000093c00000, 0x0000000093d00000, 0x0000000093d00000|100%| E|CS|TAMS 0x0000000093c00000, 0x0000000093c00000| Complete 
| 317|0x0000000093d00000, 0x0000000093e00000, 0x0000000093e00000|100%| E|CS|TAMS 0x0000000093d00000, 0x0000000093d00000| Complete 
| 318|0x0000000093e00000, 0x0000000093f00000, 0x0000000093f00000|100%| E|CS|TAMS 0x0000000093e00000, 0x0000000093e00000| Complete 
| 319|0x0000000093f00000, 0x0000000094000000, 0x0000000094000000|100%| E|CS|TAMS 0x0000000093f00000, 0x0000000093f00000| Complete 
| 320|0x0000000094000000, 0x0000000094100000, 0x0000000094100000|100%| E|CS|TAMS 0x0000000094000000, 0x0000000094000000| Complete 
| 321|0x0000000094100000, 0x0000000094200000, 0x0000000094200000|100%| E|CS|TAMS 0x0000000094100000, 0x0000000094100000| Complete 
| 322|0x0000000094200000, 0x0000000094300000, 0x0000000094300000|100%| E|CS|TAMS 0x0000000094200000, 0x0000000094200000| Complete 
| 323|0x0000000094300000, 0x0000000094400000, 0x0000000094400000|100%| E|CS|TAMS 0x0000000094300000, 0x0000000094300000| Complete 
| 324|0x0000000094400000, 0x0000000094500000, 0x0000000094500000|100%| E|CS|TAMS 0x0000000094400000, 0x0000000094400000| Complete 
| 325|0x0000000094500000, 0x0000000094600000, 0x0000000094600000|100%| E|CS|TAMS 0x0000000094500000, 0x0000000094500000| Complete 
| 326|0x0000000094600000, 0x0000000094700000, 0x0000000094700000|100%| E|CS|TAMS 0x0000000094600000, 0x0000000094600000| Complete 
| 327|0x0000000094700000, 0x0000000094800000, 0x0000000094800000|100%| E|CS|TAMS 0x0000000094700000, 0x0000000094700000| Complete 
| 328|0x0000000094800000, 0x0000000094900000, 0x0000000094900000|100%| E|CS|TAMS 0x0000000094800000, 0x0000000094800000| Complete 
| 329|0x0000000094900000, 0x0000000094a00000, 0x0000000094a00000|100%| E|CS|TAMS 0x0000000094900000, 0x0000000094900000| Complete 
| 330|0x0000000094a00000, 0x0000000094b00000, 0x0000000094b00000|100%| E|CS|TAMS 0x0000000094a00000, 0x0000000094a00000| Complete 
| 331|0x0000000094b00000, 0x0000000094c00000, 0x0000000094c00000|100%| E|CS|TAMS 0x0000000094b00000, 0x0000000094b00000| Complete 
| 332|0x0000000094c00000, 0x0000000094d00000, 0x0000000094d00000|100%| E|CS|TAMS 0x0000000094c00000, 0x0000000094c00000| Complete 
| 333|0x0000000094d00000, 0x0000000094e00000, 0x0000000094e00000|100%| E|CS|TAMS 0x0000000094d00000, 0x0000000094d00000| Complete 
| 334|0x0000000094e00000, 0x0000000094f00000, 0x0000000094f00000|100%| E|CS|TAMS 0x0000000094e00000, 0x0000000094e00000| Complete 
| 335|0x0000000094f00000, 0x0000000095000000, 0x0000000095000000|100%| E|CS|TAMS 0x0000000094f00000, 0x0000000094f00000| Complete 
| 336|0x0000000095000000, 0x0000000095100000, 0x0000000095100000|100%| E|CS|TAMS 0x0000000095000000, 0x0000000095000000| Complete 
| 337|0x0000000095100000, 0x0000000095200000, 0x0000000095200000|100%| E|CS|TAMS 0x0000000095100000, 0x0000000095100000| Complete 

Card table byte_map: [0x000001c1c2300000,0x000001c1c2700000] _byte_map_base: 0x000001c1c1f00000

Marking Bits (Prev, Next): (CMBitMap*) 0x000001c1afa91710, (CMBitMap*) 0x000001c1afa916d0
 Prev Bits: [0x000001c1c4b00000, 0x000001c1c6b00000)
 Next Bits: [0x000001c1c2b00000, 0x000001c1c4b00000)

Polling page: 0x000001c1ad9c0000

Metaspace:

Usage:
  Non-class:     93.09 MB used.
      Class:     14.13 MB used.
       Both:    107.23 MB used.

Virtual space:
  Non-class space:       96.00 MB reserved,      93.44 MB ( 97%) committed,  12 nodes.
      Class space:        1.00 GB reserved,      14.50 MB (  1%) committed,  1 nodes.
             Both:        1.09 GB reserved,     107.94 MB ( 10%) committed. 

Chunk freelists:
   Non-Class:  1.95 MB
       Class:  1.34 MB
        Both:  3.29 MB

MaxMetaspaceSize: unlimited
CompressedClassSpaceSize: 1.00 GB
Initial GC threshold: 21.00 MB
Current GC threshold: 155.31 MB
CDS: off
MetaspaceReclaimPolicy: balanced
 - commit_granule_bytes: 65536.
 - commit_granule_words: 8192.
 - virtual_space_node_default_size: 1048576.
 - enlarge_chunks_in_place: 1.
 - new_chunks_are_fully_committed: 0.
 - uncommit_free_chunks: 1.
 - use_allocation_guard: 0.
 - handle_deallocations: 1.


Internal statistics:

num_allocs_failed_limit: 9.
num_arena_births: 1134.
num_arena_deaths: 6.
num_vsnodes_births: 13.
num_vsnodes_deaths: 0.
num_space_committed: 1727.
num_space_uncommitted: 0.
num_chunks_returned_to_freelist: 18.
num_chunks_taken_from_freelist: 5166.
num_chunk_merges: 9.
num_chunk_splits: 3389.
num_chunks_enlarged: 2225.
num_purges: 2.
num_inconsistent_stats: 0.

CodeHeap 'non-profiled nmethods': size=120000Kb used=7503Kb max_used=7503Kb free=112496Kb
 bounds [0x000001c1ba9d0000, 0x000001c1bb130000, 0x000001c1c1f00000]
CodeHeap 'profiled nmethods': size=120000Kb used=24979Kb max_used=24979Kb free=95020Kb
 bounds [0x000001c1b2f00000, 0x000001c1b4770000, 0x000001c1ba430000]
CodeHeap 'non-nmethods': size=5760Kb used=2437Kb max_used=2519Kb free=3322Kb
 bounds [0x000001c1ba430000, 0x000001c1ba6c0000, 0x000001c1ba9d0000]
 total_blobs=13642 nmethods=12662 adapters=891
 compilation: enabled
              stopped_count=0, restarted_count=0
 full_count=0

Compilation events (20 events):
Event: 510.822 Thread 0x000001c1c9c085a0 nmethod 14428 0x000001c1b4758d10 code [0x000001c1b4758f40, 0x000001c1b47596a8]
Event: 510.822 Thread 0x000001c1c9c085a0 14429       3       org.gradle.api.internal.artifacts.repositories.metadata.DefaultMetadataFileSourceCodec::createArtifactId (25 bytes)
Event: 510.825 Thread 0x000001c1c9c085a0 nmethod 14429 0x000001c1b4759a10 code [0x000001c1b4759c00, 0x000001c1b475a158]
Event: 510.825 Thread 0x000001c1c9c085a0 14430       3       org.gradle.internal.hash.HashCode$ByteArrayBackedHashCode::length (6 bytes)
Event: 510.825 Thread 0x000001c1c9c085a0 nmethod 14430 0x000001c1b475a410 code [0x000001c1b475a5a0, 0x000001c1b475a6b8]
Event: 510.825 Thread 0x000001c1c9c085a0 14431       3       org.gradle.api.internal.filestore.DefaultArtifactIdentifierFileStore::whereIs (7 bytes)
Event: 510.826 Thread 0x000001c1c9c085a0 nmethod 14431 0x000001c1b475a790 code [0x000001c1b475a920, 0x000001c1b475aa68]
Event: 510.826 Thread 0x000001c1c9c085a0 14432       3       org.gradle.internal.resource.local.GroupedAndNamedUniqueFileStore::whereIs (18 bytes)
Event: 510.826 Thread 0x000001c1c9c085a0 nmethod 14432 0x000001c1b475ab10 code [0x000001c1b475acc0, 0x000001c1b475aeb8]
Event: 510.826 Thread 0x000001c1c9c085a0 14433       3       org.gradle.internal.resource.local.GroupedAndNamedUniqueFileStore::toPath (61 bytes)
Event: 510.829 Thread 0x000001c1c9c085a0 nmethod 14433 0x000001c1b475af90 code [0x000001c1b475b220, 0x000001c1b475bb48]
Event: 510.883 Thread 0x000001c1c9c00080 14434   !   4       org.gradle.internal.serialize.kryo.KryoBackedDecoder::readBoolean (15 bytes)
Event: 510.908 Thread 0x000001c1c9c00080 nmethod 14434 0x000001c1bb123090 code [0x000001c1bb123280, 0x000001c1bb123960]
Event: 511.031 Thread 0x000001c1c9c00080 14435   !   4       org.gradle.api.internal.attributes.DefaultImmutableAttributesFactory::doConcatIsolatable (128 bytes)
Event: 511.150 Thread 0x000001c1c9c085a0 14436       3       org.gradle.internal.io.StreamByteBuffer::prepareRead (102 bytes)
Event: 511.155 Thread 0x000001c1c9c085a0 nmethod 14436 0x000001c1b475bf10 code [0x000001c1b475c120, 0x000001c1b475c978]
Event: 511.164 Thread 0x000001c1c9c085a0 14437       3       org.gradle.api.internal.artifacts.ivyservice.clientmodule.ClientModuleResolver::isFetchingMetadataCheap (11 bytes)
Event: 511.165 Thread 0x000001c1c9c085a0 nmethod 14437 0x000001c1b475cc10 code [0x000001c1b475cdc0, 0x000001c1b475cf88]
Event: 511.165 Thread 0x000001c1c9c085a0 14438       3       org.gradle.api.internal.artifacts.ivyservice.ivyresolve.RepositoryChainComponentMetaDataResolver::isFetchingMetadataCheap (82 bytes)
Event: 511.168 Thread 0x000001c1c9c085a0 nmethod 14438 0x000001c1b475d090 code [0x000001c1b475d2e0, 0x000001c1b475de08]

GC Heap History (20 events):
Event: 23.504 GC heap before
{Heap before GC invocations=43 (full 0):
 garbage-first heap   total 121856K, used 97558K [0x0000000080000000, 0x0000000100000000)
  region size 1024K, 35 young (35840K), 3 survivors (3072K)
 Metaspace       used 83992K, committed 84544K, reserved 1122304K
  class space    used 11299K, committed 11584K, reserved 1048576K
}
Event: 23.512 GC heap after
{Heap after GC invocations=44 (full 0):
 garbage-first heap   total 121856K, used 67066K [0x0000000080000000, 0x0000000100000000)
  region size 1024K, 5 young (5120K), 5 survivors (5120K)
 Metaspace       used 83992K, committed 84544K, reserved 1122304K
  class space    used 11299K, committed 11584K, reserved 1048576K
}
Event: 23.524 GC heap before
{Heap before GC invocations=44 (full 0):
 garbage-first heap   total 121856K, used 68090K [0x0000000080000000, 0x0000000100000000)
  region size 1024K, 6 young (6144K), 5 survivors (5120K)
 Metaspace       used 84160K, committed 84672K, reserved 1122304K
  class space    used 11328K, committed 11584K, reserved 1048576K
}
Event: 23.537 GC heap after
{Heap after GC invocations=45 (full 0):
 garbage-first heap   total 146432K, used 66817K [0x0000000080000000, 0x0000000100000000)
  region size 1024K, 1 young (1024K), 1 survivors (1024K)
 Metaspace       used 84160K, committed 84672K, reserved 1122304K
  class space    used 11328K, committed 11584K, reserved 1048576K
}
Event: 24.499 GC heap before
{Heap before GC invocations=45 (full 0):
 garbage-first heap   total 146432K, used 114945K [0x0000000080000000, 0x0000000100000000)
  region size 1024K, 48 young (49152K), 1 survivors (1024K)
 Metaspace       used 89248K, committed 89920K, reserved 1130496K
  class space    used 12054K, committed 12352K, reserved 1048576K
}
Event: 24.510 GC heap after
{Heap after GC invocations=46 (full 0):
 garbage-first heap   total 146432K, used 70469K [0x0000000080000000, 0x0000000100000000)
  region size 1024K, 4 young (4096K), 4 survivors (4096K)
 Metaspace       used 89248K, committed 89920K, reserved 1130496K
  class space    used 12054K, committed 12352K, reserved 1048576K
}
Event: 25.027 GC heap before
{Heap before GC invocations=47 (full 0):
 garbage-first heap   total 146432K, used 117573K [0x0000000080000000, 0x0000000100000000)
  region size 1024K, 50 young (51200K), 4 survivors (4096K)
 Metaspace       used 90121K, committed 90752K, reserved 1130496K
  class space    used 12126K, committed 12416K, reserved 1048576K
}
Event: 25.045 GC heap after
{Heap after GC invocations=48 (full 0):
 garbage-first heap   total 146432K, used 79301K [0x0000000080000000, 0x0000000100000000)
  region size 1024K, 7 young (7168K), 7 survivors (7168K)
 Metaspace       used 90121K, committed 90752K, reserved 1130496K
  class space    used 12126K, committed 12416K, reserved 1048576K
}
Event: 27.040 GC heap before
{Heap before GC invocations=48 (full 0):
 garbage-first heap   total 146432K, used 114117K [0x0000000080000000, 0x0000000100000000)
  region size 1024K, 42 young (43008K), 7 survivors (7168K)
 Metaspace       used 93422K, committed 94080K, reserved 1130496K
  class space    used 12632K, committed 12928K, reserved 1048576K
}
Event: 27.054 GC heap after
{Heap after GC invocations=49 (full 0):
 garbage-first heap   total 146432K, used 83829K [0x0000000080000000, 0x0000000100000000)
  region size 1024K, 4 young (4096K), 4 survivors (4096K)
 Metaspace       used 93422K, committed 94080K, reserved 1130496K
  class space    used 12632K, committed 12928K, reserved 1048576K
}
Event: 27.908 GC heap before
{Heap before GC invocations=50 (full 0):
 garbage-first heap   total 150528K, used 116597K [0x0000000080000000, 0x0000000100000000)
  region size 1024K, 37 young (37888K), 4 survivors (4096K)
 Metaspace       used 93648K, committed 94272K, reserved 1130496K
  class space    used 12635K, committed 12928K, reserved 1048576K
}
Event: 27.915 GC heap after
{Heap after GC invocations=51 (full 0):
 garbage-first heap   total 150528K, used 86268K [0x0000000080000000, 0x0000000100000000)
  region size 1024K, 3 young (3072K), 3 survivors (3072K)
 Metaspace       used 93648K, committed 94272K, reserved 1130496K
  class space    used 12635K, committed 12928K, reserved 1048576K
}
Event: 28.879 GC heap before
{Heap before GC invocations=51 (full 0):
 garbage-first heap   total 150528K, used 121084K [0x0000000080000000, 0x0000000100000000)
  region size 1024K, 38 young (38912K), 3 survivors (3072K)
 Metaspace       used 94369K, committed 95040K, reserved 1138688K
  class space    used 12727K, committed 12992K, reserved 1048576K
}
Event: 28.886 GC heap after
{Heap after GC invocations=52 (full 0):
 garbage-first heap   total 150528K, used 88508K [0x0000000080000000, 0x0000000100000000)
  region size 1024K, 5 young (5120K), 5 survivors (5120K)
 Metaspace       used 94369K, committed 95040K, reserved 1138688K
  class space    used 12727K, committed 12992K, reserved 1048576K
}
Event: 29.750 GC heap before
{Heap before GC invocations=53 (full 0):
 garbage-first heap   total 155648K, used 124348K [0x0000000080000000, 0x0000000100000000)
  region size 1024K, 39 young (39936K), 5 survivors (5120K)
 Metaspace       used 97034K, committed 97664K, reserved 1138688K
  class space    used 13068K, committed 13376K, reserved 1048576K
}
Event: 29.784 GC heap after
{Heap after GC invocations=54 (full 0):
 garbage-first heap   total 155648K, used 104206K [0x0000000080000000, 0x0000000100000000)
  region size 1024K, 5 young (5120K), 5 survivors (5120K)
 Metaspace       used 97034K, committed 97664K, reserved 1138688K
  class space    used 13068K, committed 13376K, reserved 1048576K
}
Event: 29.824 GC heap before
{Heap before GC invocations=54 (full 0):
 garbage-first heap   total 155648K, used 106254K [0x0000000080000000, 0x0000000100000000)
  region size 1024K, 7 young (7168K), 5 survivors (5120K)
 Metaspace       used 97069K, committed 97728K, reserved 1138688K
  class space    used 13071K, committed 13376K, reserved 1048576K
}
Event: 29.833 GC heap after
{Heap after GC invocations=55 (full 0):
 garbage-first heap   total 346112K, used 105927K [0x0000000080000000, 0x0000000100000000)
  region size 1024K, 1 young (1024K), 1 survivors (1024K)
 Metaspace       used 97069K, committed 97728K, reserved 1138688K
  class space    used 13071K, committed 13376K, reserved 1048576K
}
Event: 34.902 GC heap before
{Heap before GC invocations=55 (full 0):
 garbage-first heap   total 346112K, used 281031K [0x0000000080000000, 0x0000000100000000)
  region size 1024K, 156 young (159744K), 1 survivors (1024K)
 Metaspace       used 100742K, committed 101440K, reserved 1138688K
  class space    used 13436K, committed 13760K, reserved 1048576K
}
Event: 34.922 GC heap after
{Heap after GC invocations=56 (full 0):
 garbage-first heap   total 346112K, used 115978K [0x0000000080000000, 0x0000000100000000)
  region size 1024K, 11 young (11264K), 11 survivors (11264K)
 Metaspace       used 100742K, committed 101440K, reserved 1138688K
  class space    used 13436K, committed 13760K, reserved 1048576K
}

Dll operation events (2 events):
Event: 0.182 Loaded shared library E:\android studio\jbr\bin\java.dll
Event: 1.050 Loaded shared library E:\android studio\jbr\bin\verify.dll

Deoptimization events (20 events):
Event: 503.892 Thread 0x000001c1ca899400 DEOPT PACKING pc=0x000001c1bafe74e4 sp=0x00000074b7bfac90
Event: 503.894 Thread 0x000001c1ca899400 DEOPT UNPACKING pc=0x000001c1ba4869a3 sp=0x00000074b7bfac30 mode 2
Event: 504.428 Thread 0x000001c1ca899400 Uncommon trap: trap_request=0xffffffc6 fr.pc=0x000001c1bb01d928 relative=0x0000000000000848
Event: 504.428 Thread 0x000001c1ca899400 Uncommon trap: reason=bimorphic_or_optimized_type_check action=maybe_recompile pc=0x000001c1bb01d928 method=org.gradle.internal.operations.DefaultBuildOperationListenerManager$ProgressShieldingBuildOperationListener.finished(Lorg/gradle/internal/operation
Event: 504.428 Thread 0x000001c1ca899400 DEOPT PACKING pc=0x000001c1bb01d928 sp=0x00000074b7bfad50
Event: 504.429 Thread 0x000001c1ca899400 DEOPT UNPACKING pc=0x000001c1ba4869a3 sp=0x00000074b7bfad18 mode 2
Event: 504.431 Thread 0x000001c1ca899400 Uncommon trap: trap_request=0xffffffc6 fr.pc=0x000001c1bb01d928 relative=0x0000000000000848
Event: 504.431 Thread 0x000001c1ca899400 Uncommon trap: reason=bimorphic_or_optimized_type_check action=maybe_recompile pc=0x000001c1bb01d928 method=org.gradle.internal.operations.DefaultBuildOperationListenerManager$ProgressShieldingBuildOperationListener.finished(Lorg/gradle/internal/operation
Event: 504.431 Thread 0x000001c1ca899400 DEOPT PACKING pc=0x000001c1bb01d928 sp=0x00000074b7bfb3e0
Event: 504.431 Thread 0x000001c1ca899400 DEOPT UNPACKING pc=0x000001c1ba4869a3 sp=0x00000074b7bfb3a8 mode 2
Event: 505.351 Thread 0x000001c1ca899400 Uncommon trap: trap_request=0xffffffc6 fr.pc=0x000001c1bb01d928 relative=0x0000000000000848
Event: 505.351 Thread 0x000001c1ca899400 Uncommon trap: reason=bimorphic_or_optimized_type_check action=maybe_recompile pc=0x000001c1bb01d928 method=org.gradle.internal.operations.DefaultBuildOperationListenerManager$ProgressShieldingBuildOperationListener.finished(Lorg/gradle/internal/operation
Event: 505.351 Thread 0x000001c1ca899400 DEOPT PACKING pc=0x000001c1bb01d928 sp=0x00000074b7bfa810
Event: 505.352 Thread 0x000001c1ca899400 DEOPT UNPACKING pc=0x000001c1ba4869a3 sp=0x00000074b7bfa7d8 mode 2
Event: 510.360 Thread 0x000001c1ca899400 Uncommon trap: trap_request=0xffffffde fr.pc=0x000001c1baffb550 relative=0x0000000000000710
Event: 510.360 Thread 0x000001c1ca899400 Uncommon trap: reason=class_check action=maybe_recompile pc=0x000001c1baffb550 method=org.gradle.cache.internal.LockOnDemandCrossProcessCacheAccess.incrementLockCount()V @ 97 c2
Event: 510.360 Thread 0x000001c1ca899400 DEOPT PACKING pc=0x000001c1baffb550 sp=0x00000074b7bf6ee0
Event: 510.361 Thread 0x000001c1ca899400 DEOPT UNPACKING pc=0x000001c1ba4869a3 sp=0x00000074b7bf6e90 mode 2
Event: 511.118 Thread 0x000001c1ca899400 DEOPT PACKING pc=0x000001c1b3e8aadb sp=0x00000074b7bf8040
Event: 511.118 Thread 0x000001c1ca899400 DEOPT UNPACKING pc=0x000001c1ba487143 sp=0x00000074b7bf7560 mode 0

Classes unloaded (3 events):
Event: 29.085 Thread 0x000001c1c8fdbb40 Unloading class 0x0000000100c9c000 'java/lang/invoke/LambdaForm$DMH+0x0000000100c9c000'
Event: 29.085 Thread 0x000001c1c8fdbb40 Unloading class 0x0000000100c9c800 'java/lang/invoke/LambdaForm$DMH+0x0000000100c9c800'
Event: 29.086 Thread 0x000001c1c8fdbb40 Unloading class 0x0000000100c9cc00 'java/lang/invoke/LambdaForm$DMH+0x0000000100c9cc00'

Classes redefined (0 events):
No events

Internal exceptions (20 events):
Event: 37.613 Thread 0x000001c1d1493080 Exception <a 'java/lang/NoSuchMethodError'{0x0000000090ca2de0}: 'int java.lang.invoke.DirectMethodHandle$Holder.invokeSpecialIFC(java.lang.Object, java.lang.Object, java.lang.Object)'> (0x0000000090ca2de0) 
thrown [s\src\hotspot\share\interpreter\linkResolver.cpp, line 771]
Event: 54.170 Thread 0x000001c1d1493080 Exception <a 'java/io/IOException'{0x0000000090b31858}> (0x0000000090b31858) 
thrown [s\src\hotspot\share\prims\jni.cpp, line 517]
Event: 54.197 Thread 0x000001c1cc002750 Exception <a 'java/lang/NoSuchMethodError'{0x0000000090809cd0}: static Lorg/gradle/internal/build/event/types/DefaultTaskFailureResult;.<clinit>()V> (0x0000000090809cd0) 
thrown [s\src\hotspot\share\prims\jni.cpp, line 1108]
Event: 54.199 Thread 0x000001c1cc002750 Exception <a 'java/lang/NoSuchMethodError'{0x000000009081f000}: static Lorg/gradle/internal/build/event/types/DefaultFailure;.<clinit>()V> (0x000000009081f000) 
thrown [s\src\hotspot\share\prims\jni.cpp, line 1108]
Event: 54.231 Thread 0x000001c1cb49f040 Exception <a 'sun/nio/fs/WindowsException'{0x0000000090873c30}> (0x0000000090873c30) 
thrown [s\src\hotspot\share\prims\jni.cpp, line 517]
Event: 54.231 Thread 0x000001c1cb49f040 Exception <a 'sun/nio/fs/WindowsException'{0x0000000090873ff0}> (0x0000000090873ff0) 
thrown [s\src\hotspot\share\prims\jni.cpp, line 517]
Event: 54.231 Thread 0x000001c1cb49f040 Exception <a 'sun/nio/fs/WindowsException'{0x0000000090875ea8}> (0x0000000090875ea8) 
thrown [s\src\hotspot\share\prims\jni.cpp, line 517]
Event: 54.323 Thread 0x000001c1ca892550 Exception <a 'sun/nio/fs/WindowsException'{0x0000000090781560}> (0x0000000090781560) 
thrown [s\src\hotspot\share\prims\jni.cpp, line 517]
Event: 54.635 Thread 0x000001c1cb49f040 Implicit null exception at 0x000001c1bb015a0f to 0x000001c1bb015a5c
Event: 54.786 Thread 0x000001c1cb49f040 Implicit null exception at 0x000001c1bb0a1d44 to 0x000001c1bb0a209c
Event: 54.833 Thread 0x000001c1cb707c80 Exception <a 'java/lang/NoSuchMethodError'{0x000000008f6dd118}: static Lorg/gradle/tooling/internal/provider/serialization/ClassLoaderDetails;.<clinit>()V> (0x000000008f6dd118) 
thrown [s\src\hotspot\share\prims\jni.cpp, line 1108]
Event: 54.834 Thread 0x000001c1cb707c80 Exception <a 'java/lang/NoSuchMethodError'{0x000000008f6eeb90}: static Lorg/gradle/tooling/internal/provider/serialization/WellKnownClassLoaderRegistry$KnownClassLoaderSpec;.<clinit>()V> (0x000000008f6eeb90) 
thrown [s\src\hotspot\share\prims\jni.cpp, line 1108]
Event: 54.834 Thread 0x000001c1cb707c80 Exception <a 'java/lang/NoSuchMethodError'{0x000000008f6f0208}: static Lorg/gradle/internal/classloader/ClassLoaderSpec;.<clinit>()V> (0x000000008f6f0208) 
thrown [s\src\hotspot\share\prims\jni.cpp, line 1108]
Event: 54.837 Thread 0x000001c1cb707c80 Exception <a 'java/lang/NoSuchMethodError'{0x000000008f502380}: static Lorg/gradle/internal/classloader/ClassLoaderSpec;.<clinit>()V> (0x000000008f502380) 
thrown [s\src\hotspot\share\prims\jni.cpp, line 1108]
Event: 54.838 Thread 0x000001c1cb707c80 Exception <a 'java/lang/NoSuchMethodError'{0x000000008f50dec8}: static Lorg/gradle/internal/classloader/VisitableURLClassLoader$Spec;.<clinit>()V> (0x000000008f50dec8) 
thrown [s\src\hotspot\share\prims\jni.cpp, line 1108]
Event: 54.840 Thread 0x000001c1cb707c80 Exception <a 'java/lang/NoSuchMethodError'{0x000000008f51fdd8}: static [Ljava/net/URL;.<clinit>()V> (0x000000008f51fdd8) 
thrown [s\src\hotspot\share\prims\jni.cpp, line 1108]
Event: 54.843 Thread 0x000001c1cb707c80 Exception <a 'java/lang/NoSuchMethodError'{0x000000008f534208}: static Lorg/gradle/internal/classloader/FilteringClassLoader$Spec;.<clinit>()V> (0x000000008f534208) 
thrown [s\src\hotspot\share\prims\jni.cpp, line 1108]
Event: 54.844 Thread 0x000001c1cb707c80 Exception <a 'java/lang/NoSuchMethodError'{0x000000008f541f20}: static Lorg/gradle/internal/classloader/CachingClassLoader$Spec;.<clinit>()V> (0x000000008f541f20) 
thrown [s\src\hotspot\share\prims\jni.cpp, line 1108]
Event: 64.905 Thread 0x000001c1cb33f8c0 Implicit null exception at 0x000001c1baa08572 to 0x000001c1baa08ba8
Event: 496.925 Thread 0x000001c1ca899400 Implicit null exception at 0x000001c1bb04fe20 to 0x000001c1bb050138

VM Operations (20 events):
Event: 500.502 Executing VM operation: Cleanup
Event: 500.688 Executing VM operation: Cleanup done
Event: 501.693 Executing VM operation: Cleanup
Event: 501.693 Executing VM operation: Cleanup done
Event: 503.708 Executing VM operation: Cleanup
Event: 503.709 Executing VM operation: Cleanup done
Event: 504.721 Executing VM operation: Cleanup
Event: 504.946 Executing VM operation: Cleanup done
Event: 505.949 Executing VM operation: Cleanup
Event: 505.949 Executing VM operation: Cleanup done
Event: 506.955 Executing VM operation: Cleanup
Event: 506.956 Executing VM operation: Cleanup done
Event: 507.971 Executing VM operation: Cleanup
Event: 507.988 Executing VM operation: Cleanup done
Event: 508.988 Executing VM operation: Cleanup
Event: 509.004 Executing VM operation: Cleanup done
Event: 510.019 Executing VM operation: Cleanup
Event: 510.019 Executing VM operation: Cleanup done
Event: 511.026 Executing VM operation: Cleanup
Event: 511.026 Executing VM operation: Cleanup done

Events (20 events):
Event: 496.185 Thread 0x000001c1ca8963e0 Thread added: 0x000001c1ca8963e0
Event: 496.260 Thread 0x000001c1ca898a60 Thread added: 0x000001c1ca898a60
Event: 496.290 Thread 0x000001c1ca899400 Thread added: 0x000001c1ca899400
Event: 496.345 Thread 0x000001c1ca894230 Thread added: 0x000001c1ca894230
Event: 496.407 loading class jdk/internal/math/FormattedFloatingDecimal$Form
Event: 496.500 loading class jdk/internal/math/FormattedFloatingDecimal$Form done
Event: 496.503 loading class jdk/internal/math/FormattedFloatingDecimal
Event: 496.622 loading class jdk/internal/math/FormattedFloatingDecimal done
Event: 496.625 loading class jdk/internal/math/FormattedFloatingDecimal$1
Event: 496.631 loading class jdk/internal/math/FormattedFloatingDecimal$1 done
Event: 496.643 loading class jdk/internal/math/FormattedFloatingDecimal$2
Event: 496.647 loading class jdk/internal/math/FormattedFloatingDecimal$2 done
Event: 496.673 Thread 0x000001c1ca893d60 Thread added: 0x000001c1ca893d60
Event: 496.695 Thread 0x000001c1ca897250 Thread added: 0x000001c1ca897250
Event: 500.511 Thread 0x000001c1ca8950a0 Thread added: 0x000001c1ca8950a0
Event: 501.622 Thread 0x000001c1ca894700 Thread added: 0x000001c1ca894700
Event: 502.085 Thread 0x000001c1ca895570 Thread added: 0x000001c1ca895570
Event: 503.549 Thread 0x000001c1ca8998d0 Thread added: 0x000001c1ca8998d0
Event: 505.453 Thread 0x000001c1ca898590 Thread added: 0x000001c1ca898590
Event: 509.244 Thread 0x000001c1ca899da0 Thread added: 0x000001c1ca899da0


Dynamic libraries:
0x00007ff772cd0000 - 0x00007ff772cda000 	E:\android studio\jbr\bin\java.exe
0x00007ffdde2d0000 - 0x00007ffdde4c8000 	C:\WINDOWS\SYSTEM32\ntdll.dll
0x00007ffddcb10000 - 0x00007ffddcbd2000 	C:\WINDOWS\System32\KERNEL32.DLL
0x00007ffddbcb0000 - 0x00007ffddbfa6000 	C:\WINDOWS\System32\KERNELBASE.dll
0x00007ffddc030000 - 0x00007ffddc130000 	C:\WINDOWS\System32\ucrtbase.dll
0x00007ffdc7fd0000 - 0x00007ffdc7fe7000 	E:\android studio\jbr\bin\jli.dll
0x00007ffddc760000 - 0x00007ffddc901000 	C:\WINDOWS\System32\USER32.dll
0x00007ffddc2c0000 - 0x00007ffddc2e2000 	C:\WINDOWS\System32\win32u.dll
0x00007ffddcae0000 - 0x00007ffddcb0b000 	C:\WINDOWS\System32\GDI32.dll
0x00007ffddbb90000 - 0x00007ffddbca9000 	C:\WINDOWS\System32\gdi32full.dll
0x00007ffddba10000 - 0x00007ffddbaad000 	C:\WINDOWS\System32\msvcp_win.dll
0x00007ffdc5e70000 - 0x00007ffdc610b000 	C:\WINDOWS\WinSxS\amd64_microsoft.windows.common-controls_6595b64144ccf1df_6.0.19041.6456_none_60b8a6cb71f64256\COMCTL32.dll
0x00007ffddcf70000 - 0x00007ffddd00e000 	C:\WINDOWS\System32\msvcrt.dll
0x00007ffdc6db0000 - 0x00007ffdc6dcb000 	E:\android studio\jbr\bin\VCRUNTIME140.dll
0x00007ffddc910000 - 0x00007ffddc93f000 	C:\WINDOWS\System32\IMM32.DLL
0x00007ffdd13d0000 - 0x00007ffdd13dc000 	E:\android studio\jbr\bin\vcruntime140_1.dll
0x00007ffda34d0000 - 0x00007ffda355d000 	E:\android studio\jbr\bin\msvcp140.dll
0x00007ffd93fd0000 - 0x00007ffd94c3d000 	E:\android studio\jbr\bin\server\jvm.dll
0x00007ffdde130000 - 0x00007ffdde1e1000 	C:\WINDOWS\System32\ADVAPI32.dll
0x00007ffdde1f0000 - 0x00007ffdde28f000 	C:\WINDOWS\System32\sechost.dll
0x00007ffddd8b0000 - 0x00007ffddd9d0000 	C:\WINDOWS\System32\RPCRT4.dll
0x00007ffddc130000 - 0x00007ffddc157000 	C:\WINDOWS\System32\bcrypt.dll
0x00007ffdcf3f0000 - 0x00007ffdcf417000 	C:\WINDOWS\SYSTEM32\WINMM.dll
0x00007ffdc68f0000 - 0x00007ffdc68fa000 	C:\WINDOWS\SYSTEM32\VERSION.dll
0x00007ffdd22e0000 - 0x00007ffdd22e9000 	C:\WINDOWS\SYSTEM32\WSOCK32.dll
0x00007ffddd9d0000 - 0x00007ffddda3b000 	C:\WINDOWS\System32\ws2_32.DLL
0x00007ffdda170000 - 0x00007ffdda182000 	C:\WINDOWS\SYSTEM32\kernel.appcore.dll
0x00007ffdd06a0000 - 0x00007ffdd06aa000 	E:\android studio\jbr\bin\jimage.dll
0x00007ffdd5d60000 - 0x00007ffdd5f61000 	C:\WINDOWS\SYSTEM32\DBGHELP.DLL
0x00007ffdb9ff0000 - 0x00007ffdba024000 	C:\WINDOWS\SYSTEM32\dbgcore.DLL
0x00007ffddbab0000 - 0x00007ffddbb32000 	C:\WINDOWS\System32\bcryptPrimitives.dll
0x00007ffdc7230000 - 0x00007ffdc7255000 	E:\android studio\jbr\bin\java.dll
0x00007ffdc8ac0000 - 0x00007ffdc8ad8000 	E:\android studio\jbr\bin\zip.dll
0x00007ffddd0e0000 - 0x00007ffddd850000 	C:\WINDOWS\System32\SHELL32.dll
0x00007ffdd99b0000 - 0x00007ffdda155000 	C:\WINDOWS\SYSTEM32\windows.storage.dll
0x00007ffddc360000 - 0x00007ffddc6b4000 	C:\WINDOWS\System32\combase.dll
0x00007ffddb390000 - 0x00007ffddb3bb000 	C:\WINDOWS\SYSTEM32\Wldp.dll
0x00007ffdddbf0000 - 0x00007ffdddcbd000 	C:\WINDOWS\System32\OLEAUT32.dll
0x00007ffddcbe0000 - 0x00007ffddcc8d000 	C:\WINDOWS\System32\SHCORE.dll
0x00007ffddd850000 - 0x00007ffddd8ab000 	C:\WINDOWS\System32\shlwapi.dll
0x00007ffddb890000 - 0x00007ffddb8b4000 	C:\WINDOWS\SYSTEM32\profapi.dll
0x00007ffdc8590000 - 0x00007ffdc85a9000 	E:\android studio\jbr\bin\net.dll
0x00007ffdd4d20000 - 0x00007ffdd4e2a000 	C:\WINDOWS\SYSTEM32\WINHTTP.dll
0x00007ffddb080000 - 0x00007ffddb0ea000 	C:\WINDOWS\system32\mswsock.dll
0x00007ffdc8150000 - 0x00007ffdc8166000 	E:\android studio\jbr\bin\nio.dll
0x00007ffdc8a30000 - 0x00007ffdc8a40000 	E:\android studio\jbr\bin\verify.dll
0x00007ffdc71e0000 - 0x00007ffdc7207000 	C:\Users\rishi\.gradle\native\68d5fa5c4cc2d200863cafc0d521ce42e7d3e7ee720ec0a83991735586a16f82\windows-amd64\native-platform.dll
0x00007ffd9ad50000 - 0x00007ffd9ae94000 	C:\Users\rishi\.gradle\native\e376f236ea51e6404a007f0833ffe2c6e607c4080706a723a18a27aeea778392\windows-amd64\native-platform-file-events.dll
0x00007ffdcfc30000 - 0x00007ffdcfc39000 	E:\android studio\jbr\bin\management.dll
0x00007ffdc94a0000 - 0x00007ffdc94ab000 	E:\android studio\jbr\bin\management_ext.dll
0x00007ffddd0d0000 - 0x00007ffddd0d8000 	C:\WINDOWS\System32\PSAPI.DLL
0x00007ffddb290000 - 0x00007ffddb2a8000 	C:\WINDOWS\SYSTEM32\CRYPTSP.dll
0x00007ffdda9a0000 - 0x00007ffdda9d8000 	C:\WINDOWS\system32\rsaenh.dll
0x00007ffddb850000 - 0x00007ffddb87e000 	C:\WINDOWS\SYSTEM32\USERENV.dll
0x00007ffddb2b0000 - 0x00007ffddb2bc000 	C:\WINDOWS\SYSTEM32\CRYPTBASE.dll
0x00007ffddad60000 - 0x00007ffddad9b000 	C:\WINDOWS\SYSTEM32\IPHLPAPI.DLL
0x00007ffddc750000 - 0x00007ffddc758000 	C:\WINDOWS\System32\NSI.dll
0x00007ffdc71a0000 - 0x00007ffdc71b7000 	C:\WINDOWS\SYSTEM32\dhcpcsvc6.DLL
0x00007ffdc9a20000 - 0x00007ffdc9a3d000 	C:\WINDOWS\SYSTEM32\dhcpcsvc.DLL
0x00007ffddada0000 - 0x00007ffddae6a000 	C:\WINDOWS\SYSTEM32\DNSAPI.dll
0x00007ffdab630000 - 0x00007ffdab637000 	C:\WINDOWS\system32\wshunix.dll
0x00007ffdd17f0000 - 0x00007ffdd17fa000 	C:\Windows\System32\rasadhlp.dll
0x00007ffdc6810000 - 0x00007ffdc6890000 	C:\WINDOWS\System32\fwpuclnt.dll
0x00007ffddabf0000 - 0x00007ffddac23000 	C:\WINDOWS\SYSTEM32\ntmarta.dll

dbghelp: loaded successfully - version: 4.0.5 - missing functions: none
symbol engine: initialized successfully - sym options: 0x614 - pdb path: .;E:\android studio\jbr\bin;C:\WINDOWS\SYSTEM32;C:\WINDOWS\WinSxS\amd64_microsoft.windows.common-controls_6595b64144ccf1df_6.0.19041.6456_none_60b8a6cb71f64256;E:\android studio\jbr\bin\server;C:\Users\rishi\.gradle\native\68d5fa5c4cc2d200863cafc0d521ce42e7d3e7ee720ec0a83991735586a16f82\windows-amd64;C:\Users\rishi\.gradle\native\e376f236ea51e6404a007f0833ffe2c6e607c4080706a723a18a27aeea778392\windows-amd64

VM Arguments:
jvm_args: --add-opens=java.base/java.util=ALL-UNNAMED --add-opens=java.base/java.lang=ALL-UNNAMED --add-opens=java.base/java.lang.invoke=ALL-UNNAMED --add-opens=java.prefs/java.util.prefs=ALL-UNNAMED --add-opens=java.base/java.nio.charset=ALL-UNNAMED --add-opens=java.base/java.net=ALL-UNNAMED --add-opens=java.base/java.util.concurrent.atomic=ALL-UNNAMED -Xmx2048m -Dfile.encoding=UTF-8 -Duser.country=IN -Duser.language=en -Duser.variant 
java_command: org.gradle.launcher.daemon.bootstrap.GradleDaemon 8.0
java_class_path (initial): C:\Users\rishi\.gradle\wrapper\dists\gradle-8.0-bin\ca5e32bp14vu59qr306oxotwh\gradle-8.0\lib\gradle-launcher-8.0.jar
Launcher Type: SUN_STANDARD

[Global flags]
     intx CICompilerCount                          = 3                                         {product} {ergonomic}
     uint ConcGCThreads                            = 1                                         {product} {ergonomic}
     uint G1ConcRefinementThreads                  = 4                                         {product} {ergonomic}
   size_t G1HeapRegionSize                         = 1048576                                   {product} {ergonomic}
    uintx GCDrainStackTargetSize                   = 64                                        {product} {ergonomic}
   size_t InitialHeapSize                          = 65011712                                  {product} {ergonomic}
   size_t MarkStackSize                            = 4194304                                   {product} {ergonomic}
   size_t MaxHeapSize                              = 2147483648                                {product} {command line}
   size_t MaxNewSize                               = 1287651328                                {product} {ergonomic}
   size_t MinHeapDeltaBytes                        = 1048576                                   {product} {ergonomic}
   size_t MinHeapSize                              = 8388608                                   {product} {ergonomic}
    uintx NonNMethodCodeHeapSize                   = 5832780                                {pd product} {ergonomic}
    uintx NonProfiledCodeHeapSize                  = 122912730                              {pd product} {ergonomic}
    uintx ProfiledCodeHeapSize                     = 122912730                              {pd product} {ergonomic}
    uintx ReservedCodeCacheSize                    = 251658240                              {pd product} {ergonomic}
     bool SegmentedCodeCache                       = true                                      {product} {ergonomic}
   size_t SoftMaxHeapSize                          = 2147483648                             {manageable} {ergonomic}
     bool UseCompressedClassPointers               = true                           {product lp64_product} {ergonomic}
     bool UseCompressedOops                        = true                           {product lp64_product} {ergonomic}
     bool UseG1GC                                  = true                                      {product} {ergonomic}
     bool UseLargePagesIndividualAllocation        = false                                  {pd product} {ergonomic}

Logging:
Log output configuration:
 #0: stdout all=warning uptime,level,tags
 #1: stderr all=off uptime,level,tags

Environment Variables:
PATH=C:\Program Files\Common Files\Oracle\Java\javapath;C:\WINDOWS\system32;C:\WINDOWS;C:\WINDOWS\System32\Wbem;C:\WINDOWS\System32\WindowsPowerShell\v1.0\;C:\WINDOWS\System32\OpenSSH\;C:\Program Files\dotnet\;C:\Program Files\nodejs\;C:\ProgramData\chocolatey\bin;C:\Program Files\Git\cmd;F:\flutter\flutter\bin;C:\dart-sdk\bin;C:\Users\rishi\AppData\Local\Programs\Python\Python312\Scripts\;C:\Users\rishi\AppData\Local\Programs\Python\Python312\;C:\Users\rishi\AppData\Local\Programs\Python\Launcher\;C:\Program Files\MySQL\MySQL Shell 8.0\bin\;C:\Users\rishi\AppData\Local\Microsoft\WindowsApps;C:\Users\rishi\AppData\Local\Programs\Microsoft VS Code\bin;C:\Users\rishi\AppData\Roaming\npm;F:\flutter\flutter\bin
USERNAME=rishi
OS=Windows_NT
PROCESSOR_IDENTIFIER=Intel64 Family 6 Model 142 Stepping 12, GenuineIntel
TMP=C:\Users\rishi\AppData\Local\Temp
TEMP=C:\Users\rishi\AppData\Local\Temp



---------------  S Y S T E M  ---------------

OS:
 Windows 10 , 64 bit Build 19041 (10.0.19041.5915)
OS uptime: 2 days 10:38 hours

CPU: total 4 (initial active 4) (2 cores per cpu, 2 threads per core) family 6 model 142 stepping 12 microcode 0xf0, cx8, cmov, fxsr, ht, mmx, 3dnowpref, sse, sse2, sse3, ssse3, sse4.1, sse4.2, popcnt, lzcnt, tsc, tscinvbit, avx, avx2, aes, erms, clmul, bmi1, bmi2, adx, fma, vzeroupper, clflush, clflushopt

Memory: 4k page, system-wide physical 3847M (542M free)
TotalPageFile size 15623M (AvailPageFile size 4M)
current process WorkingSet (physical memory assigned to process): 99M, peak: 528M
current process commit charge ("private bytes"): 626M, peak: 645M

vm_info: OpenJDK 64-Bit Server VM (17.0.6+0-b2043.56-9586694) for windows-amd64 JRE (17.0.6+0-b2043.56-9586694), built on Feb  9 2023 20:06:20 by "androidbuild" with MS VC++ 16.10 / 16.11 (VS2019)

END.
